TN:
SF:server/debugMcpList.js
FN:8,main
FN:19,(anonymous_1)
FNF:2
FNH:0
FNDA:0,main
FNDA:0,(anonymous_1)
DA:9,0
DA:10,0
DA:11,0
DA:13,0
DA:14,0
DA:15,0
DA:16,0
DA:19,0
DA:23,0
DA:27,0
LF:10
LH:0
BRDA:11,0,0,0
BRDA:11,0,1,0
BRF:2
BRH:0
end_of_record
TN:
SF:server/index.js
FN:68,(anonymous_0)
FN:132,(anonymous_1)
FN:135,(anonymous_2)
FN:156,(anonymous_3)
FN:164,initializeServer
FN:180,(anonymous_5)
FN:199,(anonymous_6)
FN:215,(anonymous_7)
FN:220,(anonymous_8)
FN:227,(anonymous_9)
FN:231,(anonymous_10)
FN:247,(anonymous_11)
FNF:12
FNH:0
FNDA:0,(anonymous_0)
FNDA:0,(anonymous_1)
FNDA:0,(anonymous_2)
FNDA:0,(anonymous_3)
FNDA:0,initializeServer
FNDA:0,(anonymous_5)
FNDA:0,(anonymous_6)
FNDA:0,(anonymous_7)
FNDA:0,(anonymous_8)
FNDA:0,(anonymous_9)
FNDA:0,(anonymous_10)
FNDA:0,(anonymous_11)
DA:21,0
DA:23,0
DA:24,0
DA:27,0
DA:28,0
DA:31,0
DA:32,0
DA:35,0
DA:36,0
DA:37,0
DA:38,0
DA:41,0
DA:65,0
DA:68,0
DA:69,0
DA:70,0
DA:74,0
DA:75,0
DA:76,0
DA:80,0
DA:87,0
DA:88,0
DA:91,0
DA:95,0
DA:107,0
DA:108,0
DA:111,0
DA:125,0
DA:126,0
DA:129,0
DA:132,0
DA:133,0
DA:135,0
DA:136,0
DA:137,0
DA:144,0
DA:148,0
DA:151,0
DA:152,0
DA:153,0
DA:156,0
DA:157,0
DA:165,0
DA:166,0
DA:169,0
DA:176,0
DA:177,0
DA:180,0
DA:181,0
DA:182,0
DA:183,0
DA:184,0
DA:185,0
DA:186,0
DA:189,0
DA:190,0
DA:191,0
DA:194,0
DA:195,0
DA:199,0
DA:200,0
DA:201,0
DA:202,0
DA:205,0
DA:209,0
DA:210,0
DA:215,0
DA:216,0
DA:220,0
DA:221,0
DA:223,0
DA:227,0
DA:228,0
DA:231,0
DA:232,0
DA:235,0
DA:236,0
DA:237,0
DA:239,0
DA:242,0
DA:243,0
DA:247,0
DA:248,0
DA:249,0
DA:254,0
DA:255,0
DA:258,0
DA:259,0
DA:262,0
DA:263,0
DA:265,0
DA:266,0
LF:92
LH:0
BRDA:31,0,0,0
BRDA:31,0,1,0
BRDA:32,1,0,0
BRDA:32,1,1,0
BRDA:43,2,0,0
BRDA:43,2,1,0
BRDA:44,3,0,0
BRDA:44,3,1,0
BRDA:70,4,0,0
BRDA:70,4,1,0
BRDA:71,5,0,0
BRDA:71,5,1,0
BRDA:71,5,2,0
BRDA:87,6,0,0
BRDA:87,6,1,0
BRDA:113,7,0,0
BRDA:113,7,1,0
BRDA:151,8,0,0
BRDA:151,8,1,0
BRDA:201,9,0,0
BRDA:201,9,1,0
BRDA:265,10,0,0
BRDA:265,10,1,0
BRF:23
BRH:0
end_of_record
TN:
SF:server/config/config.js
FNF:0
FNH:0
DA:5,0
DA:6,0
DA:9,0
DA:11,0
DA:12,0
DA:13,0
DA:17,0
DA:106,0
DA:107,0
DA:110,0
DA:111,0
LF:11
LH:0
BRDA:13,0,0,0
BRDA:13,0,1,0
BRDA:15,1,0,0
BRDA:15,1,1,0
BRDA:19,2,0,0
BRDA:19,2,1,0
BRDA:20,3,0,0
BRDA:20,3,1,0
BRDA:21,4,0,0
BRDA:21,4,1,0
BRDA:24,5,0,0
BRDA:24,5,1,0
BRDA:25,6,0,0
BRDA:25,6,1,0
BRDA:26,7,0,0
BRDA:26,7,1,0
BRDA:30,8,0,0
BRDA:30,8,1,0
BRDA:40,9,0,0
BRDA:40,9,1,0
BRDA:41,10,0,0
BRDA:41,10,1,0
BRDA:46,11,0,0
BRDA:46,11,1,0
BRDA:47,12,0,0
BRDA:47,12,1,0
BRDA:48,13,0,0
BRDA:48,13,1,0
BRDA:49,14,0,0
BRDA:49,14,1,0
BRDA:54,15,0,0
BRDA:54,15,1,0
BRDA:54,15,2,0
BRDA:55,16,0,0
BRDA:55,16,1,0
BRDA:55,16,2,0
BRDA:55,16,3,0
BRDA:56,17,0,0
BRDA:56,17,1,0
BRDA:61,18,0,0
BRDA:61,18,1,0
BRDA:62,19,0,0
BRDA:62,19,1,0
BRDA:63,20,0,0
BRDA:63,20,1,0
BRDA:69,21,0,0
BRDA:69,21,1,0
BRDA:70,22,0,0
BRDA:70,22,1,0
BRDA:71,23,0,0
BRDA:71,23,1,0
BRDA:72,24,0,0
BRDA:72,24,1,0
BRDA:77,25,0,0
BRDA:77,25,1,0
BRDA:78,26,0,0
BRDA:78,26,1,0
BRDA:91,27,0,0
BRDA:91,27,1,0
BRDA:92,28,0,0
BRDA:92,28,1,0
BRDA:106,29,0,0
BRDA:106,29,1,0
BRDA:106,30,0,0
BRDA:106,30,1,0
BRDA:110,31,0,0
BRDA:110,31,1,0
BRDA:110,32,0,0
BRDA:110,32,1,0
BRDA:110,32,2,0
BRF:70
BRH:0
end_of_record
TN:
SF:server/config/passport.js
FN:14,encryptToken
FN:31,findOrCreateOAuthUser
FN:37,(anonymous_2)
FN:195,configurePassport
FN:208,(anonymous_4)
FN:240,(anonymous_5)
FN:245,(anonymous_6)
FNF:7
FNH:0
FNDA:0,encryptToken
FNDA:0,findOrCreateOAuthUser
FNDA:0,(anonymous_2)
FNDA:0,configurePassport
FNDA:0,(anonymous_4)
FNDA:0,(anonymous_5)
FNDA:0,(anonymous_6)
DA:15,0
DA:16,0
DA:17,0
DA:21,0
DA:22,0
DA:23,0
DA:24,0
DA:25,0
DA:37,0
DA:38,0
DA:39,0
DA:41,0
DA:42,0
DA:46,0
DA:52,0
DA:54,0
DA:57,0
DA:76,0
DA:83,0
DA:84,0
DA:87,0
DA:91,0
DA:100,0
DA:102,0
DA:104,0
DA:112,0
DA:118,0
DA:128,0
DA:131,0
DA:143,0
DA:146,0
DA:152,0
DA:161,0
DA:188,0
DA:197,0
DA:198,0
DA:209,0
DA:210,0
DA:217,0
DA:222,0
DA:224,0
DA:228,0
DA:234,0
DA:240,0
DA:241,0
DA:245,0
DA:246,0
DA:247,0
DA:254,0
DA:255,0
DA:258,0
DA:260,0
DA:264,0
LF:53
LH:0
BRDA:15,0,0,0
BRDA:15,0,1,0
BRDA:18,1,0,0
BRDA:18,1,1,0
BRDA:41,2,0,0
BRDA:41,2,1,0
BRDA:52,3,0,0
BRDA:52,3,1,0
BRDA:83,4,0,0
BRDA:83,4,1,0
BRDA:100,5,0,0
BRDA:100,5,1,0
BRDA:123,6,0,0
BRDA:123,6,1,0
BRDA:139,7,0,0
BRDA:139,7,1,0
BRDA:197,8,0,0
BRDA:197,8,1,0
BRDA:197,9,0,0
BRDA:197,9,1,0
BRDA:204,10,0,0
BRDA:204,10,1,0
BRDA:254,11,0,0
BRDA:254,11,1,0
BRF:24
BRH:0
end_of_record
TN:
SF:server/database/pg-pool.js
FN:41,(anonymous_0)
FN:56,query
FN:84,transaction
FN:116,getClient
FN:123,closePool
FNF:5
FNH:0
FNDA:0,(anonymous_0)
FNDA:0,query
FNDA:0,transaction
FNDA:0,getClient
FNDA:0,closePool
DA:8,0
DA:11,0
DA:15,0
DA:38,0
DA:41,0
DA:42,0
DA:43,0
DA:57,0
DA:58,0
DA:60,0
DA:61,0
DA:65,0
DA:66,0
DA:70,0
DA:71,0
DA:73,0
DA:85,0
DA:86,0
DA:87,0
DA:90,0
DA:91,0
DA:95,0
DA:96,0
DA:99,0
DA:100,0
DA:101,0
DA:103,0
DA:104,0
DA:106,0
DA:117,0
DA:124,0
LF:31
LH:0
BRDA:15,0,0,0
BRDA:15,0,1,0
BRDA:19,1,0,0
BRDA:19,1,1,0
BRDA:20,2,0,0
BRDA:20,2,1,0
BRDA:25,3,0,0
BRDA:25,3,1,0
BRDA:26,4,0,0
BRDA:26,4,1,0
BRDA:27,5,0,0
BRDA:27,5,1,0
BRDA:28,6,0,0
BRDA:28,6,1,0
BRDA:29,7,0,0
BRDA:29,7,1,0
BRDA:31,8,0,0
BRDA:31,8,1,0
BRDA:32,9,0,0
BRDA:32,9,1,0
BRDA:33,10,0,0
BRDA:33,10,1,0
BRDA:56,11,0,0
BRDA:60,12,0,0
BRDA:60,12,1,0
BRDA:65,13,0,0
BRDA:65,13,1,0
BRDA:84,14,0,0
BRDA:90,15,0,0
BRDA:90,15,1,0
BRDA:95,16,0,0
BRDA:95,16,1,0
BRF:32
BRH:0
end_of_record
TN:
SF:server/middleware/auth.js
FN:10,(anonymous_0)
FN:75,(anonymous_1)
FN:76,(anonymous_2)
FN:118,(anonymous_3)
FN:139,(anonymous_4)
FN:181,(anonymous_5)
FN:225,(anonymous_6)
FN:258,(anonymous_7)
FN:301,(anonymous_8)
FNF:9
FNH:0
FNDA:0,(anonymous_0)
FNDA:0,(anonymous_1)
FNDA:0,(anonymous_2)
FNDA:0,(anonymous_3)
FNDA:0,(anonymous_4)
FNDA:0,(anonymous_5)
FNDA:0,(anonymous_6)
FNDA:0,(anonymous_7)
FNDA:0,(anonymous_8)
DA:10,0
DA:12,0
DA:14,0
DA:15,0
DA:21,0
DA:28,0
DA:30,0
DA:32,0
DA:35,0
DA:42,0
DA:47,0
DA:49,0
DA:55,0
DA:57,0
DA:58,0
DA:59,0
DA:60,0
DA:63,0
DA:75,0
DA:76,0
DA:77,0
DA:78,0
DA:83,0
DA:90,0
DA:91,0
DA:98,0
DA:105,0
DA:118,0
DA:119,0
DA:126,0
DA:132,0
DA:139,0
DA:140,0
DA:142,0
DA:143,0
DA:148,0
DA:155,0
DA:156,0
DA:160,0
DA:161,0
DA:164,0
DA:170,0
DA:181,0
DA:182,0
DA:184,0
DA:185,0
DA:187,0
DA:188,0
DA:190,0
DA:197,0
DA:203,0
DA:210,0
DA:218,0
DA:225,0
DA:226,0
DA:233,0
DA:238,0
DA:244,0
DA:250,0
DA:258,0
DA:259,0
DA:261,0
DA:264,0
DA:271,0
DA:272,0
DA:275,0
DA:278,0
DA:280,0
DA:291,0
DA:292,0
DA:294,0
DA:301,0
DA:302,0
DA:303,0
DA:305,0
DA:306,0
DA:313,0
DA:315,0
DA:320,0
DA:325,0
LF:80
LH:0
BRDA:14,0,0,0
BRDA:14,0,1,0
BRDA:14,1,0,0
BRDA:14,1,1,0
BRDA:38,2,0,0
BRDA:38,2,1,0
BRDA:57,3,0,0
BRDA:57,3,1,0
BRDA:59,4,0,0
BRDA:59,4,1,0
BRDA:77,5,0,0
BRDA:77,5,1,0
BRDA:90,6,0,0
BRDA:90,6,1,0
BRDA:118,7,0,0
BRDA:122,8,0,0
BRDA:122,8,1,0
BRDA:127,9,0,0
BRDA:127,9,1,0
BRDA:140,10,0,0
BRDA:140,10,1,0
BRDA:142,11,0,0
BRDA:142,11,1,0
BRDA:155,12,0,0
BRDA:155,12,1,0
BRDA:160,13,0,0
BRDA:160,13,1,0
BRDA:184,14,0,0
BRDA:184,14,1,0
BRDA:184,15,0,0
BRDA:184,15,1,0
BRDA:193,16,0,0
BRDA:193,16,1,0
BRDA:218,17,0,0
BRDA:218,17,1,0
BRDA:230,18,0,0
BRDA:230,18,1,0
BRDA:239,19,0,0
BRDA:239,19,1,0
BRDA:245,20,0,0
BRDA:245,20,1,0
BRDA:271,21,0,0
BRDA:271,21,1,0
BRDA:291,22,0,0
BRDA:291,22,1,0
BRDA:305,23,0,0
BRDA:305,23,1,0
BRDA:328,24,0,0
BRDA:328,24,1,0
BRF:49
BRH:0
end_of_record
TN:
SF:server/middleware/errorHandler.js
FN:11,(anonymous_0)
FN:19,(anonymous_1)
FN:82,(anonymous_2)
FNF:3
FNH:0
FNDA:0,(anonymous_0)
FNDA:0,(anonymous_1)
FNDA:0,(anonymous_2)
DA:2,0
DA:11,0
DA:12,0
DA:15,0
DA:16,0
DA:19,0
DA:29,0
DA:30,0
DA:39,0
DA:40,0
DA:49,0
DA:50,0
DA:59,0
DA:60,0
DA:64,0
DA:82,0
DA:83,0
DA:84,0
DA:85,0
LF:19
LH:0
BRDA:15,0,0,0
BRDA:15,0,1,0
BRDA:29,1,0,0
BRDA:29,1,1,0
BRDA:33,2,0,0
BRDA:33,2,1,0
BRDA:39,3,0,0
BRDA:39,3,1,0
BRDA:49,4,0,0
BRDA:49,4,1,0
BRDA:59,5,0,0
BRDA:59,5,1,0
BRDA:60,6,0,0
BRDA:60,6,1,0
BRDA:62,7,0,0
BRDA:62,7,1,0
BRDA:68,8,0,0
BRDA:68,8,1,0
BRF:18
BRH:0
end_of_record
TN:
SF:server/middleware/tenantContext.js
FN:14,(anonymous_0)
FN:38,(anonymous_1)
FN:76,(anonymous_2)
FN:82,(anonymous_3)
FNF:4
FNH:0
FNDA:0,(anonymous_0)
FNDA:0,(anonymous_1)
FNDA:0,(anonymous_2)
FNDA:0,(anonymous_3)
DA:14,0
DA:15,0
DA:16,0
DA:20,0
DA:25,0
DA:31,0
DA:38,0
DA:39,0
DA:41,0
DA:42,0
DA:45,0
DA:46,0
DA:54,0
DA:55,0
DA:62,0
DA:69,0
DA:76,0
DA:77,0
DA:78,0
DA:82,0
DA:87,0
DA:94,0
LF:22
LH:0
BRDA:15,0,0,0
BRDA:15,0,1,0
BRDA:39,1,0,0
BRDA:39,1,1,0
BRDA:41,2,0,0
BRDA:41,2,1,0
BRDA:45,3,0,0
BRDA:45,3,1,0
BRDA:54,4,0,0
BRDA:54,4,1,0
BRDA:77,5,0,0
BRDA:77,5,1,0
BRF:12
BRH:0
end_of_record
TN:
SF:server/routes/agents.js
FN:8,(anonymous_0)
FN:18,(anonymous_1)
FN:28,(anonymous_2)
FN:39,(anonymous_3)
FN:50,(anonymous_4)
FN:60,(anonymous_5)
FN:73,(anonymous_6)
FN:86,(anonymous_7)
FNF:8
FNH:0
FNDA:0,(anonymous_0)
FNDA:0,(anonymous_1)
FNDA:0,(anonymous_2)
FNDA:0,(anonymous_3)
FNDA:0,(anonymous_4)
FNDA:0,(anonymous_5)
FNDA:0,(anonymous_6)
FNDA:0,(anonymous_7)
DA:5,0
DA:8,0
DA:9,0
DA:10,0
DA:11,0
DA:13,0
DA:18,0
DA:19,0
DA:20,0
DA:21,0
DA:23,0
DA:28,0
DA:29,0
DA:30,0
DA:31,0
DA:32,0
DA:34,0
DA:39,0
DA:40,0
DA:41,0
DA:42,0
DA:43,0
DA:45,0
DA:50,0
DA:51,0
DA:52,0
DA:53,0
DA:55,0
DA:60,0
DA:61,0
DA:62,0
DA:63,0
DA:64,0
DA:66,0
DA:68,0
DA:73,0
DA:74,0
DA:75,0
DA:76,0
DA:77,0
DA:79,0
DA:81,0
DA:86,0
DA:87,0
DA:88,0
DA:89,0
DA:91,0
LF:47
LH:0
BRDA:30,0,0,0
BRDA:30,0,1,0
BRDA:41,1,0,0
BRDA:41,1,1,0
BRDA:63,2,0,0
BRDA:63,2,1,0
BRDA:76,3,0,0
BRDA:76,3,1,0
BRF:8
BRH:0
end_of_record
TN:
SF:server/routes/aiProviders.js
FN:26,(anonymous_0)
FN:42,(anonymous_1)
FN:74,(anonymous_2)
FN:92,(anonymous_3)
FN:108,(anonymous_4)
FN:132,(anonymous_5)
FN:152,(anonymous_6)
FN:168,(anonymous_7)
FN:197,(anonymous_8)
FNF:9
FNH:0
FNDA:0,(anonymous_0)
FNDA:0,(anonymous_1)
FNDA:0,(anonymous_2)
FNDA:0,(anonymous_3)
FNDA:0,(anonymous_4)
FNDA:0,(anonymous_5)
FNDA:0,(anonymous_6)
FNDA:0,(anonymous_7)
FNDA:0,(anonymous_8)
DA:20,0
DA:26,0
DA:27,0
DA:28,0
DA:29,0
DA:31,0
DA:33,0
DA:34,0
DA:42,0
DA:43,0
DA:44,0
DA:46,0
DA:48,0
DA:49,0
DA:54,0
DA:63,0
DA:65,0
DA:66,0
DA:74,0
DA:75,0
DA:76,0
DA:77,0
DA:79,0
DA:81,0
DA:83,0
DA:84,0
DA:92,0
DA:93,0
DA:94,0
DA:95,0
DA:97,0
DA:99,0
DA:100,0
DA:108,0
DA:109,0
DA:110,0
DA:111,0
DA:113,0
DA:114,0
DA:119,0
DA:121,0
DA:123,0
DA:124,0
DA:132,0
DA:133,0
DA:134,0
DA:135,0
DA:137,0
DA:139,0
DA:141,0
DA:142,0
DA:152,0
DA:153,0
DA:154,0
DA:155,0
DA:157,0
DA:159,0
DA:160,0
DA:168,0
DA:169,0
DA:170,0
DA:171,0
DA:173,0
DA:174,0
DA:177,0
DA:183,0
DA:185,0
DA:189,0
DA:197,0
DA:198,0
DA:199,0
DA:200,0
DA:202,0
DA:204,0
DA:208,0
LF:75
LH:0
BRDA:48,0,0,0
BRDA:48,0,1,0
BRDA:48,1,0,0
BRDA:48,1,1,0
BRDA:48,1,2,0
BRDA:113,2,0,0
BRDA:113,2,1,0
BRDA:113,3,0,0
BRDA:113,3,1,0
BRDA:143,4,0,0
BRDA:143,4,1,0
BRDA:173,5,0,0
BRDA:173,5,1,0
BRF:13
BRH:0
end_of_record
TN:
SF:server/routes/auth.js
FN:9,(anonymous_0)
FN:24,(anonymous_1)
FN:38,(anonymous_2)
FN:68,(anonymous_3)
FN:93,(anonymous_4)
FN:150,(anonymous_5)
FNF:6
FNH:0
FNDA:0,(anonymous_0)
FNDA:0,(anonymous_1)
FNDA:0,(anonymous_2)
FNDA:0,(anonymous_3)
FNDA:0,(anonymous_4)
FNDA:0,(anonymous_5)
DA:7,0
DA:9,0
DA:10,0
DA:12,0
DA:13,0
DA:16,0
DA:17,0
DA:18,0
DA:20,0
DA:24,0
DA:25,0
DA:26,0
DA:27,0
DA:29,0
DA:38,0
DA:39,0
DA:41,0
DA:42,0
DA:48,0
DA:49,0
DA:50,0
DA:55,0
DA:68,0
DA:69,0
DA:70,0
DA:71,0
DA:73,0
DA:75,0
DA:80,0
DA:93,0
DA:94,0
DA:95,0
DA:96,0
DA:97,0
DA:103,0
DA:108,0
DA:112,0
DA:129,0
DA:142,0
DA:151,0
DA:153,0
DA:156,0
DA:158,0
DA:166,0
DA:172,0
DA:174,0
DA:178,0
LF:47
LH:0
BRDA:12,0,0,0
BRDA:12,0,1,0
BRDA:12,1,0,0
BRDA:12,1,1,0
BRDA:41,2,0,0
BRDA:41,2,1,0
BRDA:96,3,0,0
BRDA:96,3,1,0
BRDA:146,4,0,0
BRDA:146,4,1,0
BRDA:167,5,0,0
BRDA:167,5,1,0
BRDA:180,6,0,0
BRDA:180,6,1,0
BRF:14
BRH:0
end_of_record
TN:
SF:server/routes/brain.js
FN:28,(anonymous_0)
FN:48,(anonymous_1)
FN:67,(anonymous_2)
FN:105,(anonymous_3)
FN:133,(anonymous_4)
FN:156,(anonymous_5)
FN:184,(anonymous_6)
FN:215,(anonymous_7)
FN:264,(anonymous_8)
FN:309,(anonymous_9)
FN:346,(anonymous_10)
FNF:11
FNH:0
FNDA:0,(anonymous_0)
FNDA:0,(anonymous_1)
FNDA:0,(anonymous_2)
FNDA:0,(anonymous_3)
FNDA:0,(anonymous_4)
FNDA:0,(anonymous_5)
FNDA:0,(anonymous_6)
FNDA:0,(anonymous_7)
FNDA:0,(anonymous_8)
FNDA:0,(anonymous_9)
FNDA:0,(anonymous_10)
DA:19,0
DA:22,0
DA:28,0
DA:29,0
DA:31,0
DA:32,0
DA:34,0
DA:37,0
DA:48,0
DA:49,0
DA:50,0
DA:51,0
DA:53,0
DA:56,0
DA:67,0
DA:68,0
DA:69,0
DA:71,0
DA:72,0
DA:78,0
DA:83,0
DA:90,0
DA:94,0
DA:105,0
DA:106,0
DA:107,0
DA:109,0
DA:114,0
DA:119,0
DA:122,0
DA:133,0
DA:134,0
DA:135,0
DA:137,0
DA:142,0
DA:145,0
DA:156,0
DA:157,0
DA:158,0
DA:160,0
DA:165,0
DA:170,0
DA:173,0
DA:184,0
DA:185,0
DA:186,0
DA:188,0
DA:195,0
DA:200,0
DA:204,0
DA:215,0
DA:216,0
DA:225,0
DA:227,0
DA:228,0
DA:234,0
DA:244,0
DA:249,0
DA:253,0
DA:264,0
DA:265,0
DA:271,0
DA:273,0
DA:274,0
DA:280,0
DA:289,0
DA:294,0
DA:298,0
DA:309,0
DA:310,0
DA:311,0
DA:314,0
DA:325,0
DA:331,0
DA:335,0
DA:346,0
DA:347,0
DA:348,0
DA:350,0
DA:361,0
DA:367,0
DA:371,0
LF:82
LH:0
BRDA:69,0,0,0
BRDA:71,1,0,0
BRDA:71,1,1,0
BRDA:86,2,0,0
BRDA:86,2,1,0
BRDA:87,3,0,0
BRDA:87,3,1,0
BRDA:107,4,0,0
BRDA:107,5,0,0
BRDA:158,6,0,0
BRDA:158,7,0,0
BRDA:186,8,0,0
BRDA:221,9,0,0
BRDA:222,10,0,0
BRDA:223,11,0,0
BRDA:224,12,0,0
BRDA:227,13,0,0
BRDA:227,13,1,0
BRDA:227,14,0,0
BRDA:227,14,1,0
BRDA:227,14,2,0
BRDA:268,15,0,0
BRDA:269,16,0,0
BRDA:270,17,0,0
BRDA:273,18,0,0
BRDA:273,18,1,0
BRDA:311,19,0,0
BRDA:311,19,1,0
BRDA:327,20,0,0
BRDA:327,20,1,0
BRDA:328,21,0,0
BRDA:328,21,1,0
BRDA:363,22,0,0
BRDA:363,22,1,0
BRDA:364,23,0,0
BRDA:364,23,1,0
BRF:36
BRH:0
end_of_record
TN:
SF:server/routes/brainEvents.js
FN:29,(anonymous_0)
FN:58,(anonymous_1)
FN:63,(anonymous_2)
FN:102,(anonymous_3)
FNF:4
FNH:0
FNDA:0,(anonymous_0)
FNDA:0,(anonymous_1)
FNDA:0,(anonymous_2)
FNDA:0,(anonymous_3)
DA:14,0
DA:29,0
DA:31,0
DA:32,0
DA:33,0
DA:34,0
DA:37,0
DA:38,0
DA:42,0
DA:43,0
DA:46,0
DA:49,0
DA:50,0
DA:58,0
DA:59,0
DA:63,0
DA:64,0
DA:65,0
DA:68,0
DA:70,0
DA:76,0
DA:77,0
DA:80,0
DA:81,0
DA:82,0
DA:85,0
DA:86,0
DA:93,0
DA:102,0
DA:103,0
LF:30
LH:0
BRDA:38,0,0,0
BRDA:38,0,1,0
BRDA:42,1,0,0
BRDA:42,1,1,0
BRDA:43,2,0,0
BRDA:43,2,1,0
BRDA:88,3,0,0
BRDA:88,3,1,0
BRF:8
BRH:0
end_of_record
TN:
SF:server/routes/chat.js
FN:13,(anonymous_0)
FN:36,(anonymous_1)
FN:56,(anonymous_2)
FN:74,(anonymous_3)
FN:82,(anonymous_4)
FN:110,(anonymous_5)
FNF:6
FNH:0
FNDA:0,(anonymous_0)
FNDA:0,(anonymous_1)
FNDA:0,(anonymous_2)
FNDA:0,(anonymous_3)
FNDA:0,(anonymous_4)
FNDA:0,(anonymous_5)
DA:10,0
DA:13,0
DA:14,0
DA:15,0
DA:16,0
DA:20,0
DA:25,0
DA:26,0
DA:31,0
DA:36,0
DA:37,0
DA:38,0
DA:40,0
DA:46,0
DA:51,0
DA:56,0
DA:57,0
DA:58,0
DA:59,0
DA:64,0
DA:69,0
DA:74,0
DA:75,0
DA:82,0
DA:83,0
DA:84,0
DA:86,0
DA:87,0
DA:93,0
DA:100,0
DA:105,0
DA:110,0
DA:111,0
DA:112,0
DA:113,0
DA:115,0
LF:36
LH:0
BRDA:25,0,0,0
BRDA:25,0,1,0
BRDA:58,1,0,0
BRDA:84,2,0,0
BRDA:84,3,0,0
BRDA:86,4,0,0
BRDA:86,4,1,0
BRF:7
BRH:0
end_of_record
TN:
SF:server/routes/cognito.js
FN:12,(anonymous_0)
FN:41,(anonymous_1)
FN:53,(anonymous_2)
FN:98,(anonymous_3)
FN:122,(anonymous_4)
FN:145,(anonymous_5)
FN:157,(anonymous_6)
FNF:7
FNH:0
FNDA:0,(anonymous_0)
FNDA:0,(anonymous_1)
FNDA:0,(anonymous_2)
FNDA:0,(anonymous_3)
FNDA:0,(anonymous_4)
FNDA:0,(anonymous_5)
FNDA:0,(anonymous_6)
DA:5,0
DA:12,0
DA:13,0
DA:14,0
DA:16,0
DA:17,0
DA:23,0
DA:25,0
DA:26,0
DA:27,0
DA:28,0
DA:30,0
DA:31,0
DA:38,0
DA:41,0
DA:42,0
DA:43,0
DA:44,0
DA:53,0
DA:54,0
DA:55,0
DA:56,0
DA:61,0
DA:62,0
DA:63,0
DA:72,0
DA:77,0
DA:84,0
DA:85,0
DA:98,0
DA:99,0
DA:100,0
DA:102,0
DA:108,0
DA:109,0
DA:122,0
DA:123,0
DA:125,0
DA:126,0
DA:133,0
DA:134,0
DA:135,0
DA:136,0
DA:138,0
DA:139,0
DA:142,0
DA:145,0
DA:146,0
DA:147,0
DA:148,0
DA:157,0
DA:158,0
DA:159,0
DA:160,0
DA:165,0
DA:166,0
DA:167,0
LF:57
LH:0
BRDA:14,0,0,0
BRDA:16,1,0,0
BRDA:16,1,1,0
BRDA:23,2,0,0
BRDA:23,2,1,0
BRDA:43,3,0,0
BRDA:43,3,1,0
BRDA:47,4,0,0
BRDA:47,4,1,0
BRDA:54,5,0,0
BRDA:54,5,1,0
BRDA:62,6,0,0
BRDA:62,6,1,0
BRDA:66,7,0,0
BRDA:66,7,1,0
BRDA:88,8,0,0
BRDA:88,8,1,0
BRDA:112,9,0,0
BRDA:112,9,1,0
BRDA:125,10,0,0
BRDA:125,10,1,0
BRDA:147,11,0,0
BRDA:147,11,1,0
BRDA:151,12,0,0
BRDA:151,12,1,0
BRDA:158,13,0,0
BRDA:158,13,1,0
BRDA:166,14,0,0
BRDA:166,14,1,0
BRDA:170,15,0,0
BRDA:170,15,1,0
BRF:31
BRH:0
end_of_record
TN:
SF:server/routes/conversations.js
FN:37,(anonymous_0)
FN:62,(anonymous_1)
FN:78,(anonymous_2)
FN:100,(anonymous_3)
FN:123,(anonymous_4)
FN:144,(anonymous_5)
FN:154,(anonymous_6)
FN:164,(anonymous_7)
FN:180,(anonymous_8)
FN:295,(anonymous_9)
FN:322,(anonymous_10)
FN:351,(anonymous_11)
FN:373,(anonymous_12)
FNF:13
FNH:0
FNDA:0,(anonymous_0)
FNDA:0,(anonymous_1)
FNDA:0,(anonymous_2)
FNDA:0,(anonymous_3)
FNDA:0,(anonymous_4)
FNDA:0,(anonymous_5)
FNDA:0,(anonymous_6)
FNDA:0,(anonymous_7)
FNDA:0,(anonymous_8)
FNDA:0,(anonymous_9)
FNDA:0,(anonymous_10)
FNDA:0,(anonymous_11)
FNDA:0,(anonymous_12)
DA:31,0
DA:37,0
DA:38,0
DA:39,0
DA:40,0
DA:42,0
DA:48,0
DA:53,0
DA:54,0
DA:62,0
DA:63,0
DA:64,0
DA:65,0
DA:67,0
DA:69,0
DA:70,0
DA:78,0
DA:79,0
DA:80,0
DA:81,0
DA:83,0
DA:85,0
DA:86,0
DA:89,0
DA:91,0
DA:92,0
DA:100,0
DA:101,0
DA:102,0
DA:103,0
DA:105,0
DA:112,0
DA:114,0
DA:115,0
DA:123,0
DA:124,0
DA:125,0
DA:126,0
DA:127,0
DA:130,0
DA:131,0
DA:132,0
DA:136,0
DA:143,0
DA:144,0
DA:147,0
DA:153,0
DA:155,0
DA:157,0
DA:158,0
DA:165,0
DA:169,0
DA:171,0
DA:172,0
DA:180,0
DA:181,0
DA:182,0
DA:183,0
DA:184,0
DA:186,0
DA:187,0
DA:188,0
DA:191,0
DA:193,0
DA:194,0
DA:199,0
DA:202,0
DA:203,0
DA:208,0
DA:211,0
DA:215,0
DA:219,0
DA:224,0
DA:226,0
DA:228,0
DA:230,0
DA:231,0
DA:233,0
DA:235,0
DA:236,0
DA:241,0
DA:253,0
DA:254,0
DA:257,0
DA:262,0
DA:263,0
DA:264,0
DA:265,0
DA:267,0
DA:271,0
DA:286,0
DA:287,0
DA:295,0
DA:296,0
DA:297,0
DA:298,0
DA:299,0
DA:301,0
DA:302,0
DA:305,0
DA:311,0
DA:313,0
DA:314,0
DA:322,0
DA:323,0
DA:324,0
DA:325,0
DA:328,0
DA:329,0
DA:330,0
DA:333,0
DA:334,0
DA:340,0
DA:342,0
DA:343,0
DA:351,0
DA:352,0
DA:353,0
DA:354,0
DA:356,0
DA:357,0
DA:360,0
DA:362,0
DA:364,0
DA:365,0
DA:373,0
DA:374,0
DA:375,0
DA:376,0
DA:378,0
DA:380,0
DA:382,0
DA:383,0
LF:133
LH:0
BRDA:43,0,0,0
BRDA:43,0,1,0
BRDA:44,1,0,0
BRDA:44,1,1,0
BRDA:85,2,0,0
BRDA:85,2,1,0
BRDA:131,3,0,0
BRDA:131,3,1,0
BRDA:147,4,0,0
BRDA:147,4,1,0
BRDA:148,5,0,0
BRDA:148,5,1,0
BRDA:148,5,2,0
BRDA:157,6,0,0
BRDA:157,6,1,0
BRDA:184,7,0,0
BRDA:184,7,1,0
BRDA:187,8,0,0
BRDA:187,8,1,0
BRDA:193,9,0,0
BRDA:193,9,1,0
BRDA:193,10,0,0
BRDA:193,10,1,0
BRDA:193,10,2,0
BRDA:202,11,0,0
BRDA:202,11,1,0
BRDA:211,12,0,0
BRDA:211,12,1,0
BRDA:211,13,0,0
BRDA:211,13,1,0
BRDA:215,14,0,0
BRDA:215,14,1,0
BRDA:215,15,0,0
BRDA:215,15,1,0
BRDA:219,16,0,0
BRDA:219,16,1,0
BRDA:219,17,0,0
BRDA:219,17,1,0
BRDA:224,18,0,0
BRDA:224,18,1,0
BRDA:224,19,0,0
BRDA:224,19,1,0
BRDA:226,20,0,0
BRDA:226,20,1,0
BRDA:226,21,0,0
BRDA:226,21,1,0
BRDA:228,22,0,0
BRDA:228,22,1,0
BRDA:228,23,0,0
BRDA:228,23,1,0
BRDA:230,24,0,0
BRDA:230,24,1,0
BRDA:235,25,0,0
BRDA:235,25,1,0
BRDA:253,26,0,0
BRDA:253,26,1,0
BRDA:262,27,0,0
BRDA:262,27,1,0
BRDA:264,28,0,0
BRDA:264,28,1,0
BRDA:301,29,0,0
BRDA:301,29,1,0
BRDA:301,30,0,0
BRDA:301,30,1,0
BRDA:329,31,0,0
BRDA:329,31,1,0
BRDA:356,32,0,0
BRDA:356,32,1,0
BRF:68
BRH:0
end_of_record
TN:
SF:server/routes/dashboard.js
FN:6,(anonymous_0)
FNF:1
FNH:0
FNDA:0,(anonymous_0)
DA:4,0
DA:6,0
DA:7,0
DA:8,0
DA:11,0
DA:13,0
LF:6
LH:0
BRF:0
BRH:0
end_of_record
TN:
SF:server/routes/decisions.js
FN:11,(anonymous_0)
FN:22,(anonymous_1)
FN:35,(anonymous_2)
FN:86,(anonymous_3)
FN:94,(anonymous_4)
FNF:5
FNH:0
FNDA:0,(anonymous_0)
FNDA:0,(anonymous_1)
FNDA:0,(anonymous_2)
FNDA:0,(anonymous_3)
FNDA:0,(anonymous_4)
DA:4,0
DA:11,0
DA:12,0
DA:14,0
DA:16,0
DA:17,0
DA:22,0
DA:23,0
DA:24,0
DA:25,0
DA:26,0
DA:27,0
DA:35,0
DA:48,0
DA:50,0
DA:52,0
DA:86,0
DA:94,0
DA:95,0
DA:96,0
DA:98,0
DA:99,0
DA:105,0
DA:108,0
DA:109,0
DA:110,0
DA:111,0
DA:113,0
DA:115,0
DA:122,0
DA:123,0
LF:31
LH:0
BRDA:46,0,0,0
BRDA:47,1,0,0
BRDA:54,2,0,0
BRDA:54,2,1,0
BRDA:55,3,0,0
BRDA:55,3,1,0
BRDA:56,4,0,0
BRDA:56,4,1,0
BRDA:66,5,0,0
BRDA:66,5,1,0
BRDA:71,6,0,0
BRDA:71,6,1,0
BRDA:76,7,0,0
BRDA:76,7,1,0
BRDA:81,8,0,0
BRDA:81,8,1,0
BRDA:86,9,0,0
BRDA:86,9,1,0
BRDA:98,10,0,0
BRDA:98,10,1,0
BRDA:98,11,0,0
BRDA:98,11,1,0
BRDA:98,11,2,0
BRDA:98,11,3,0
BRF:24
BRH:0
end_of_record
TN:
SF:server/routes/feedbackActions.js
FN:9,(anonymous_0)
FN:22,(anonymous_1)
FN:52,(anonymous_2)
FN:124,(anonymous_3)
FNF:4
FNH:0
FNDA:0,(anonymous_0)
FNDA:0,(anonymous_1)
FNDA:0,(anonymous_2)
FNDA:0,(anonymous_3)
DA:6,0
DA:9,0
DA:10,0
DA:11,0
DA:12,0
DA:14,0
DA:15,0
DA:19,0
DA:22,0
DA:38,0
DA:40,0
DA:42,0
DA:43,0
DA:52,0
DA:53,0
DA:54,0
DA:56,0
DA:57,0
DA:63,0
DA:76,0
DA:79,0
DA:80,0
DA:106,0
DA:109,0
DA:114,0
DA:115,0
DA:124,0
DA:125,0
DA:126,0
DA:127,0
DA:129,0
DA:130,0
DA:137,0
DA:139,0
DA:144,0
DA:145,0
LF:36
LH:0
BRDA:14,0,0,0
BRDA:14,0,1,0
BRDA:24,1,0,0
BRDA:24,1,1,0
BRDA:25,2,0,0
BRDA:25,2,1,0
BRDA:26,3,0,0
BRDA:26,3,1,0
BRDA:29,4,0,0
BRDA:29,4,1,0
BRDA:30,5,0,0
BRDA:30,5,1,0
BRDA:31,6,0,0
BRDA:31,6,1,0
BRDA:33,7,0,0
BRDA:33,7,1,0
BRDA:46,8,0,0
BRDA:46,8,1,0
BRDA:56,9,0,0
BRDA:56,9,1,0
BRDA:56,10,0,0
BRDA:56,10,1,0
BRDA:65,11,0,0
BRDA:65,11,1,0
BRDA:79,12,0,0
BRDA:79,12,1,0
BRDA:95,13,0,0
BRDA:95,13,1,0
BRDA:98,14,0,0
BRDA:98,14,1,0
BRDA:118,15,0,0
BRDA:118,15,1,0
BRDA:129,16,0,0
BRDA:129,16,1,0
BRDA:148,17,0,0
BRDA:148,17,1,0
BRF:36
BRH:0
end_of_record
TN:
SF:server/routes/health.js
FN:16,(anonymous_0)
FN:57,(anonymous_1)
FN:98,(anonymous_2)
FN:120,(anonymous_3)
FNF:4
FNH:0
FNDA:0,(anonymous_0)
FNDA:0,(anonymous_1)
FNDA:0,(anonymous_2)
FNDA:0,(anonymous_3)
DA:10,0
DA:16,0
DA:17,0
DA:19,0
DA:23,0
DA:40,0
DA:42,0
DA:57,0
DA:58,0
DA:59,0
DA:62,0
DA:73,0
DA:75,0
DA:86,0
DA:98,0
DA:99,0
DA:101,0
DA:103,0
DA:108,0
DA:120,0
DA:121,0
LF:21
LH:0
BRDA:27,0,0,0
BRDA:27,0,1,0
BRF:2
BRH:0
end_of_record
TN:
SF:server/routes/inbox.js
FN:6,(anonymous_0)
FN:20,(anonymous_1)
FNF:2
FNH:0
FNDA:0,(anonymous_0)
FNDA:0,(anonymous_1)
DA:4,0
DA:6,0
DA:7,0
DA:8,0
DA:9,0
DA:10,0
DA:11,0
DA:16,0
DA:20,0
DA:21,0
DA:22,0
DA:23,0
DA:24,0
DA:29,0
DA:30,0
DA:35,0
LF:16
LH:0
BRDA:9,0,0,0
BRDA:9,0,1,0
BRDA:23,1,0,0
BRDA:23,1,1,0
BRDA:23,2,0,0
BRDA:23,2,1,0
BRF:6
BRH:0
end_of_record
TN:
SF:server/routes/index.js
FN:57,(anonymous_0)
FNF:1
FNH:0
FNDA:0,(anonymous_0)
DA:26,0
DA:29,0
DA:30,0
DA:33,0
DA:34,0
DA:37,0
DA:38,0
DA:39,0
DA:40,0
DA:41,0
DA:42,0
DA:43,0
DA:44,0
DA:45,0
DA:46,0
DA:47,0
DA:48,0
DA:49,0
DA:50,0
DA:51,0
DA:52,0
DA:53,0
DA:54,0
DA:57,0
DA:58,0
LF:25
LH:0
BRF:0
BRH:0
end_of_record
TN:
SF:server/routes/insights.js
FN:12,(anonymous_0)
FN:35,(anonymous_1)
FN:69,(anonymous_2)
FNF:3
FNH:0
FNDA:0,(anonymous_0)
FNDA:0,(anonymous_1)
FNDA:0,(anonymous_2)
DA:5,0
DA:12,0
DA:13,0
DA:14,0
DA:15,0
DA:21,0
DA:22,0
DA:35,0
DA:36,0
DA:37,0
DA:38,0
DA:46,0
DA:48,0
DA:55,0
DA:56,0
DA:69,0
DA:70,0
DA:71,0
DA:73,0
DA:74,0
DA:80,0
DA:82,0
DA:88,0
DA:89,0
LF:24
LH:0
BRDA:25,0,0,0
BRDA:25,0,1,0
BRDA:39,1,0,0
BRDA:39,1,1,0
BRDA:40,2,0,0
BRDA:40,2,1,0
BRDA:41,3,0,0
BRDA:41,3,1,0
BRDA:42,4,0,0
BRDA:42,4,1,0
BRDA:43,5,0,0
BRDA:43,5,1,0
BRDA:44,6,0,0
BRDA:44,6,1,0
BRDA:52,7,0,0
BRDA:52,7,1,0
BRDA:59,8,0,0
BRDA:59,8,1,0
BRDA:73,9,0,0
BRDA:73,9,1,0
BRDA:73,10,0,0
BRDA:73,10,1,0
BRDA:92,11,0,0
BRDA:92,11,1,0
BRF:24
BRH:0
end_of_record
TN:
SF:server/routes/knowledgeGraph.js
FN:9,(anonymous_0)
FN:37,(anonymous_1)
FN:51,(anonymous_2)
FN:59,(anonymous_3)
FN:75,(anonymous_4)
FN:80,(anonymous_5)
FN:81,(anonymous_6)
FN:87,(anonymous_7)
FN:92,(anonymous_8)
FN:102,(anonymous_9)
FN:127,(anonymous_10)
FN:141,(anonymous_11)
FN:163,(anonymous_12)
FN:181,(anonymous_13)
FN:199,(anonymous_14)
FN:258,(anonymous_15)
FNF:16
FNH:0
FNDA:0,(anonymous_0)
FNDA:0,(anonymous_1)
FNDA:0,(anonymous_2)
FNDA:0,(anonymous_3)
FNDA:0,(anonymous_4)
FNDA:0,(anonymous_5)
FNDA:0,(anonymous_6)
FNDA:0,(anonymous_7)
FNDA:0,(anonymous_8)
FNDA:0,(anonymous_9)
FNDA:0,(anonymous_10)
FNDA:0,(anonymous_11)
FNDA:0,(anonymous_12)
FNDA:0,(anonymous_13)
FNDA:0,(anonymous_14)
FNDA:0,(anonymous_15)
DA:6,0
DA:9,0
DA:10,0
DA:11,0
DA:13,0
DA:14,0
DA:15,0
DA:17,0
DA:18,0
DA:19,0
DA:22,0
DA:23,0
DA:24,0
DA:27,0
DA:28,0
DA:31,0
DA:32,0
DA:34,0
DA:37,0
DA:43,0
DA:45,0
DA:46,0
DA:51,0
DA:52,0
DA:53,0
DA:56,0
DA:59,0
DA:66,0
DA:75,0
DA:76,0
DA:80,0
DA:81,0
DA:82,0
DA:87,0
DA:92,0
DA:94,0
DA:97,0
DA:98,0
DA:102,0
DA:107,0
DA:112,0
DA:114,0
DA:118,0
DA:119,0
DA:120,0
DA:121,0
DA:122,0
DA:125,0
DA:127,0
DA:128,0
DA:129,0
DA:140,0
DA:141,0
DA:145,0
DA:148,0
DA:149,0
DA:155,0
DA:157,0
DA:158,0
DA:163,0
DA:164,0
DA:165,0
DA:167,0
DA:168,0
DA:169,0
DA:173,0
DA:180,0
DA:181,0
DA:182,0
DA:186,0
DA:188,0
DA:191,0
DA:193,0
DA:194,0
DA:199,0
DA:200,0
DA:201,0
DA:202,0
DA:205,0
DA:206,0
DA:207,0
DA:211,0
DA:212,0
DA:213,0
DA:215,0
DA:216,0
DA:217,0
DA:218,0
DA:219,0
DA:221,0
DA:226,0
DA:227,0
DA:230,0
DA:232,0
DA:239,0
DA:241,0
DA:243,0
DA:252,0
DA:253,0
DA:258,0
DA:259,0
DA:260,0
DA:261,0
DA:262,0
DA:263,0
DA:266,0
DA:269,0
DA:270,0
DA:273,0
DA:279,0
DA:282,0
DA:283,0
DA:286,0
DA:294,0
DA:297,0
DA:304,0
DA:306,0
DA:307,0
DA:309,0
DA:310,0
LF:120
LH:0
BRDA:11,0,0,0
BRDA:17,1,0,0
BRDA:17,1,1,0
BRDA:17,2,0,0
BRDA:17,2,1,0
BRDA:22,3,0,0
BRDA:22,3,1,0
BRDA:27,4,0,0
BRDA:27,4,1,0
BRDA:39,5,0,0
BRDA:39,5,1,0
BRDA:40,6,0,0
BRDA:40,6,1,0
BRDA:61,7,0,0
BRDA:61,7,1,0
BRDA:62,8,0,0
BRDA:62,8,1,0
BRDA:76,9,0,0
BRDA:76,9,1,0
BRDA:82,10,0,0
BRDA:82,10,1,0
BRDA:125,11,0,0
BRDA:125,11,1,0
BRDA:125,12,0,0
BRDA:125,12,1,0
BRDA:128,13,0,0
BRDA:128,13,1,0
BRDA:148,14,0,0
BRDA:148,14,1,0
BRDA:168,15,0,0
BRDA:168,15,1,0
BRDA:175,16,0,0
BRDA:175,16,1,0
BRDA:176,17,0,0
BRDA:176,17,1,0
BRDA:180,18,0,0
BRDA:180,18,1,0
BRDA:206,19,0,0
BRDA:206,19,1,0
BRDA:216,20,0,0
BRDA:216,20,1,0
BRDA:218,21,0,0
BRDA:218,21,1,0
BRDA:226,22,0,0
BRDA:226,22,1,0
BRDA:247,23,0,0
BRDA:247,23,1,0
BRDA:248,24,0,0
BRDA:248,24,1,0
BRDA:262,25,0,0
BRDA:262,25,1,0
BRDA:283,26,0,0
BRDA:283,26,1,0
BRF:53
BRH:0
end_of_record
TN:
SF:server/routes/mcp.js
FN:11,(anonymous_0)
FN:41,(anonymous_1)
FN:54,(anonymous_2)
FN:75,getActiveProviders
FN:102,(anonymous_4)
FN:112,(anonymous_5)
FN:127,(anonymous_6)
FN:212,(anonymous_7)
FN:270,(anonymous_8)
FN:467,(anonymous_9)
FNF:10
FNH:0
FNDA:0,(anonymous_0)
FNDA:0,(anonymous_1)
FNDA:0,(anonymous_2)
FNDA:0,getActiveProviders
FNDA:0,(anonymous_4)
FNDA:0,(anonymous_5)
FNDA:0,(anonymous_6)
FNDA:0,(anonymous_7)
FNDA:0,(anonymous_8)
FNDA:0,(anonymous_9)
DA:9,0
DA:11,0
DA:12,0
DA:14,0
DA:15,0
DA:16,0
DA:18,0
DA:22,0
DA:23,0
DA:26,0
DA:27,0
DA:28,0
DA:29,0
DA:30,0
DA:38,0
DA:41,0
DA:42,0
DA:44,0
DA:45,0
DA:48,0
DA:50,0
DA:51,0
DA:52,0
DA:55,0
DA:56,0
DA:57,0
DA:62,0
DA:63,0
DA:67,0
DA:68,0
DA:71,0
DA:76,0
DA:78,0
DA:87,0
DA:88,0
DA:89,0
DA:91,0
DA:94,0
DA:96,0
DA:97,0
DA:102,0
DA:103,0
DA:104,0
DA:105,0
DA:107,0
DA:108,0
DA:112,0
DA:113,0
DA:115,0
DA:116,0
DA:119,0
DA:121,0
DA:122,0
DA:123,0
DA:127,0
DA:132,0
DA:135,0
DA:137,0
DA:150,0
DA:151,0
DA:154,0
DA:155,0
DA:156,0
DA:159,0
DA:162,0
DA:163,0
DA:164,0
DA:166,0
DA:167,0
DA:169,0
DA:170,0
DA:171,0
DA:172,0
DA:174,0
DA:175,0
DA:178,0
DA:179,0
DA:180,0
DA:183,0
DA:197,0
DA:198,0
DA:201,0
DA:202,0
DA:206,0
DA:207,0
DA:212,0
DA:213,0
DA:215,0
DA:216,0
DA:219,0
DA:220,0
DA:221,0
DA:222,0
DA:223,0
DA:225,0
DA:228,0
DA:229,0
DA:231,0
DA:232,0
DA:233,0
DA:237,0
DA:238,0
DA:239,0
DA:244,0
DA:245,0
DA:257,0
DA:258,0
DA:259,0
DA:264,0
DA:266,0
DA:270,0
DA:286,0
DA:288,0
DA:289,0
DA:292,0
DA:295,0
DA:296,0
DA:297,0
DA:302,0
DA:303,0
DA:304,0
DA:305,0
DA:307,0
DA:310,0
DA:313,0
DA:314,0
DA:315,0
DA:318,0
DA:321,0
DA:322,0
DA:325,0
DA:326,0
DA:327,0
DA:328,0
DA:332,0
DA:333,0
DA:334,0
DA:337,0
DA:353,0
DA:354,0
DA:355,0
DA:356,0
DA:357,0
DA:358,0
DA:359,0
DA:361,0
DA:363,0
DA:364,0
DA:365,0
DA:372,0
DA:373,0
DA:374,0
DA:375,0
DA:382,0
DA:383,0
DA:384,0
DA:385,0
DA:386,0
DA:388,0
DA:390,0
DA:391,0
DA:392,0
DA:395,0
DA:396,0
DA:397,0
DA:398,0
DA:400,0
DA:401,0
DA:405,0
DA:406,0
DA:407,0
DA:410,0
DA:412,0
DA:421,0
DA:423,0
DA:424,0
DA:426,0
DA:427,0
DA:429,0
DA:432,0
DA:434,0
DA:443,0
DA:444,0
DA:446,0
DA:447,0
DA:448,0
DA:454,0
DA:455,0
DA:458,0
DA:467,0
DA:468,0
DA:474,0
DA:476,0
DA:481,0
DA:491,0
DA:497,0
DA:498,0
DA:500,0
DA:501,0
DA:506,0
DA:507,0
DA:511,0
DA:512,0
DA:518,0
DA:522,0
DA:524,0
DA:525,0
DA:529,0
DA:530,0
DA:539,0
DA:543,0
DA:546,0
DA:547,0
DA:551,0
DA:552,0
DA:555,0
DA:556,0
LF:217
LH:0
BRDA:12,0,0,0
BRDA:12,0,1,0
BRDA:14,1,0,0
BRDA:14,1,1,0
BRDA:22,2,0,0
BRDA:22,2,1,0
BRDA:26,3,0,0
BRDA:26,3,1,0
BRDA:26,4,0,0
BRDA:26,4,1,0
BRDA:28,5,0,0
BRDA:28,5,1,0
BRDA:28,6,0,0
BRDA:28,6,1,0
BRDA:42,7,0,0
BRDA:42,7,1,0
BRDA:42,7,2,0
BRDA:44,8,0,0
BRDA:44,8,1,0
BRDA:50,9,0,0
BRDA:50,9,1,0
BRDA:50,9,2,0
BRDA:51,10,0,0
BRDA:51,10,1,0
BRDA:51,11,0,0
BRDA:51,11,1,0
BRDA:55,12,0,0
BRDA:55,12,1,0
BRDA:55,12,2,0
BRDA:56,13,0,0
BRDA:56,13,1,0
BRDA:56,13,2,0
BRDA:57,14,0,0
BRDA:57,14,1,0
BRDA:62,15,0,0
BRDA:62,15,1,0
BRDA:67,16,0,0
BRDA:67,16,1,0
BRDA:88,17,0,0
BRDA:88,17,1,0
BRDA:94,18,0,0
BRDA:94,18,1,0
BRDA:113,19,0,0
BRDA:113,20,0,0
BRDA:115,21,0,0
BRDA:115,21,1,0
BRDA:115,22,0,0
BRDA:115,22,1,0
BRDA:141,23,0,0
BRDA:141,23,1,0
BRDA:150,24,0,0
BRDA:150,24,1,0
BRDA:155,25,0,0
BRDA:155,25,1,0
BRDA:164,26,0,0
BRDA:164,26,1,0
BRDA:170,27,0,0
BRDA:170,27,1,0
BRDA:172,28,0,0
BRDA:172,28,1,0
BRDA:178,29,0,0
BRDA:178,29,1,0
BRDA:179,30,0,0
BRDA:179,30,1,0
BRDA:213,31,0,0
BRDA:215,32,0,0
BRDA:215,32,1,0
BRDA:215,33,0,0
BRDA:215,33,1,0
BRDA:231,34,0,0
BRDA:231,34,1,0
BRDA:234,35,0,0
BRDA:234,35,1,0
BRDA:235,36,0,0
BRDA:235,36,1,0
BRDA:264,37,0,0
BRDA:264,37,1,0
BRDA:276,38,0,0
BRDA:276,38,1,0
BRDA:277,39,0,0
BRDA:277,39,1,0
BRDA:278,40,0,0
BRDA:278,40,1,0
BRDA:288,41,0,0
BRDA:288,41,1,0
BRDA:325,42,0,0
BRDA:325,42,1,0
BRDA:332,43,0,0
BRDA:332,43,1,0
BRDA:341,44,0,0
BRDA:341,44,1,0
BRDA:347,45,0,0
BRDA:347,45,1,0
BRDA:353,46,0,0
BRDA:353,46,1,0
BRDA:353,47,0,0
BRDA:353,47,1,0
BRDA:368,48,0,0
BRDA:368,48,1,0
BRDA:372,49,0,0
BRDA:372,49,1,0
BRDA:374,50,0,0
BRDA:374,50,1,0
BRDA:374,50,2,0
BRDA:375,51,0,0
BRDA:375,51,1,0
BRDA:378,52,0,0
BRDA:378,52,1,0
BRDA:378,52,2,0
BRDA:382,53,0,0
BRDA:382,53,1,0
BRDA:382,54,0,0
BRDA:382,54,1,0
BRDA:383,55,0,0
BRDA:383,55,1,0
BRDA:384,56,0,0
BRDA:384,56,1,0
BRDA:385,57,0,0
BRDA:385,57,1,0
BRDA:386,58,0,0
BRDA:386,58,1,0
BRDA:390,59,0,0
BRDA:390,59,1,0
BRDA:396,60,0,0
BRDA:396,60,1,0
BRDA:406,61,0,0
BRDA:406,61,1,0
BRDA:414,62,0,0
BRDA:414,62,1,0
BRDA:416,63,0,0
BRDA:416,63,1,0
BRDA:416,63,2,0
BRDA:417,64,0,0
BRDA:417,64,1,0
BRDA:424,65,0,0
BRDA:424,65,1,0
BRDA:440,66,0,0
BRDA:440,66,1,0
BRDA:444,67,0,0
BRDA:444,67,1,0
BRDA:454,68,0,0
BRDA:454,68,1,0
BRDA:468,69,0,0
BRDA:468,69,1,0
BRDA:468,69,2,0
BRDA:474,70,0,0
BRDA:474,70,1,0
BRDA:487,71,0,0
BRDA:487,71,1,0
BRDA:498,72,0,0
BRDA:498,72,1,0
BRDA:500,73,0,0
BRDA:500,73,1,0
BRDA:506,74,0,0
BRDA:506,74,1,0
BRDA:506,75,0,0
BRDA:506,75,1,0
BRDA:506,75,2,0
BRDA:511,76,0,0
BRDA:511,76,1,0
BRDA:518,77,0,0
BRDA:518,77,1,0
BRDA:535,78,0,0
BRDA:535,78,1,0
BRDA:539,79,0,0
BRDA:539,79,1,0
BRDA:539,79,2,0
BRDA:553,80,0,0
BRDA:553,80,1,0
BRF:169
BRH:0
end_of_record
TN:
SF:server/routes/obsidian.js
FN:7,(anonymous_0)
FN:30,(anonymous_1)
FN:42,(anonymous_2)
FN:53,(anonymous_3)
FN:68,(anonymous_4)
FNF:5
FNH:0
FNDA:0,(anonymous_0)
FNDA:0,(anonymous_1)
FNDA:0,(anonymous_2)
FNDA:0,(anonymous_3)
FNDA:0,(anonymous_4)
DA:4,0
DA:7,0
DA:8,0
DA:9,0
DA:10,0
DA:11,0
DA:14,0
DA:15,0
DA:17,0
DA:18,0
DA:21,0
DA:22,0
DA:24,0
DA:25,0
DA:30,0
DA:31,0
DA:32,0
DA:34,0
DA:35,0
DA:37,0
DA:42,0
DA:43,0
DA:44,0
DA:45,0
DA:46,0
DA:48,0
DA:53,0
DA:54,0
DA:55,0
DA:56,0
DA:57,0
DA:58,0
DA:60,0
DA:63,0
DA:68,0
DA:69,0
DA:70,0
DA:71,0
DA:72,0
DA:75,0
DA:76,0
DA:78,0
LF:42
LH:0
BRDA:10,0,0,0
BRDA:10,0,1,0
BRDA:10,1,0,0
BRDA:10,1,1,0
BRDA:14,2,0,0
BRDA:14,2,1,0
BRDA:14,3,0,0
BRDA:14,3,1,0
BRDA:17,4,0,0
BRDA:17,4,1,0
BRDA:34,5,0,0
BRDA:34,5,1,0
BRDA:44,6,0,0
BRDA:44,6,1,0
BRDA:45,7,0,0
BRDA:45,7,1,0
BRDA:46,8,0,0
BRDA:46,8,1,0
BRDA:57,9,0,0
BRDA:57,9,1,0
BRDA:71,10,0,0
BRDA:71,10,1,0
BRDA:71,11,0,0
BRDA:71,11,1,0
BRF:24
BRH:0
end_of_record
TN:
SF:server/routes/projects.js
FN:8,(anonymous_0)
FN:31,(anonymous_1)
FN:81,(anonymous_2)
FN:141,(anonymous_3)
FN:158,(anonymous_4)
FNF:5
FNH:0
FNDA:0,(anonymous_0)
FNDA:0,(anonymous_1)
FNDA:0,(anonymous_2)
FNDA:0,(anonymous_3)
FNDA:0,(anonymous_4)
DA:5,0
DA:8,0
DA:9,0
DA:10,0
DA:11,0
DA:12,0
DA:13,0
DA:14,0
DA:17,0
DA:22,0
DA:23,0
DA:25,0
DA:26,0
DA:31,0
DA:32,0
DA:43,0
DA:45,0
DA:46,0
DA:51,0
DA:53,0
DA:59,0
DA:62,0
DA:63,0
DA:69,0
DA:75,0
DA:76,0
DA:81,0
DA:82,0
DA:83,0
DA:84,0
DA:87,0
DA:88,0
DA:89,0
DA:93,0
DA:94,0
DA:95,0
DA:97,0
DA:98,0
DA:99,0
DA:100,0
DA:104,0
DA:105,0
DA:108,0
DA:110,0
DA:117,0
DA:120,0
DA:123,0
DA:124,0
DA:130,0
DA:135,0
DA:136,0
DA:141,0
DA:142,0
DA:143,0
DA:145,0
DA:146,0
DA:147,0
DA:150,0
DA:152,0
DA:153,0
DA:158,0
DA:159,0
DA:160,0
DA:163,0
DA:164,0
DA:165,0
DA:168,0
DA:171,0
DA:174,0
DA:175,0
DA:181,0
DA:183,0
DA:184,0
LF:73
LH:0
BRDA:13,0,0,0
BRDA:13,0,1,0
BRDA:35,1,0,0
BRDA:36,2,0,0
BRDA:37,3,0,0
BRDA:40,4,0,0
BRDA:41,5,0,0
BRDA:42,6,0,0
BRDA:45,7,0,0
BRDA:45,7,1,0
BRDA:45,8,0,0
BRDA:45,8,1,0
BRDA:45,8,2,0
BRDA:62,9,0,0
BRDA:62,9,1,0
BRDA:88,10,0,0
BRDA:88,10,1,0
BRDA:98,11,0,0
BRDA:98,11,1,0
BRDA:104,12,0,0
BRDA:104,12,1,0
BRDA:123,13,0,0
BRDA:123,13,1,0
BRDA:146,14,0,0
BRDA:146,14,1,0
BRDA:164,15,0,0
BRDA:164,15,1,0
BRDA:174,16,0,0
BRDA:174,16,1,0
BRF:29
BRH:0
end_of_record
TN:
SF:server/routes/providers.js
FN:12,(anonymous_0)
FNF:1
FNH:0
FNDA:0,(anonymous_0)
DA:5,0
DA:12,0
DA:13,0
DA:15,0
DA:16,0
DA:19,0
DA:20,0
DA:21,0
DA:24,0
LF:9
LH:0
BRDA:15,0,0,0
BRDA:15,0,1,0
BRDA:15,1,0,0
BRDA:15,1,1,0
BRF:4
BRH:0
end_of_record
TN:
SF:server/routes/sessions.js
FN:8,(anonymous_0)
FN:36,(anonymous_1)
FN:51,(anonymous_2)
FN:102,(anonymous_3)
FN:154,(anonymous_4)
FN:216,(anonymous_5)
FNF:6
FNH:0
FNDA:0,(anonymous_0)
FNDA:0,(anonymous_1)
FNDA:0,(anonymous_2)
FNDA:0,(anonymous_3)
FNDA:0,(anonymous_4)
FNDA:0,(anonymous_5)
DA:5,0
DA:8,0
DA:9,0
DA:10,0
DA:12,0
DA:13,0
DA:14,0
DA:16,0
DA:17,0
DA:18,0
DA:21,0
DA:22,0
DA:23,0
DA:26,0
DA:27,0
DA:30,0
DA:31,0
DA:33,0
DA:36,0
DA:43,0
DA:45,0
DA:46,0
DA:51,0
DA:52,0
DA:63,0
DA:65,0
DA:66,0
DA:71,0
DA:73,0
DA:84,0
DA:86,0
DA:96,0
DA:97,0
DA:102,0
DA:103,0
DA:104,0
DA:105,0
DA:107,0
DA:108,0
DA:112,0
DA:113,0
DA:114,0
DA:117,0
DA:123,0
DA:126,0
DA:127,0
DA:138,0
DA:148,0
DA:149,0
DA:154,0
DA:155,0
DA:156,0
DA:157,0
DA:160,0
DA:161,0
DA:162,0
DA:166,0
DA:172,0
DA:173,0
DA:175,0
DA:176,0
DA:177,0
DA:178,0
DA:179,0
DA:181,0
DA:186,0
DA:187,0
DA:190,0
DA:192,0
DA:198,0
DA:200,0
DA:210,0
DA:211,0
DA:216,0
DA:217,0
DA:218,0
DA:222,0
DA:224,0
DA:225,0
DA:226,0
DA:228,0
DA:251,0
DA:253,0
DA:264,0
DA:267,0
DA:273,0
DA:274,0
LF:87
LH:0
BRDA:10,0,0,0
BRDA:16,1,0,0
BRDA:16,1,1,0
BRDA:16,2,0,0
BRDA:16,2,1,0
BRDA:21,3,0,0
BRDA:21,3,1,0
BRDA:21,4,0,0
BRDA:21,4,1,0
BRDA:26,5,0,0
BRDA:26,5,1,0
BRDA:38,6,0,0
BRDA:38,6,1,0
BRDA:39,7,0,0
BRDA:39,7,1,0
BRDA:40,8,0,0
BRDA:40,8,1,0
BRDA:58,9,0,0
BRDA:59,10,0,0
BRDA:60,11,0,0
BRDA:61,12,0,0
BRDA:65,13,0,0
BRDA:65,13,1,0
BRDA:65,14,0,0
BRDA:65,14,1,0
BRDA:65,14,2,0
BRDA:90,15,0,0
BRDA:90,15,1,0
BRDA:91,16,0,0
BRDA:91,16,1,0
BRDA:92,17,0,0
BRDA:92,17,1,0
BRDA:107,18,0,0
BRDA:107,18,1,0
BRDA:113,19,0,0
BRDA:113,19,1,0
BRDA:126,20,0,0
BRDA:126,20,1,0
BRDA:131,21,0,0
BRDA:131,21,1,0
BRDA:132,22,0,0
BRDA:132,22,1,0
BRDA:133,23,0,0
BRDA:133,23,1,0
BRDA:142,24,0,0
BRDA:142,24,1,0
BRDA:143,25,0,0
BRDA:143,25,1,0
BRDA:144,26,0,0
BRDA:144,26,1,0
BRDA:161,27,0,0
BRDA:161,27,1,0
BRDA:176,28,0,0
BRDA:176,28,1,0
BRDA:178,29,0,0
BRDA:178,29,1,0
BRDA:186,30,0,0
BRDA:186,30,1,0
BRDA:204,31,0,0
BRDA:204,31,1,0
BRDA:205,32,0,0
BRDA:205,32,1,0
BRDA:206,33,0,0
BRDA:206,33,1,0
BRDA:218,34,0,0
BRDA:218,35,0,0
BRF:66
BRH:0
end_of_record
TN:
SF:server/routes/settings.js
FN:7,(anonymous_0)
FN:16,(anonymous_1)
FN:41,(anonymous_2)
FN:67,(anonymous_3)
FN:74,(anonymous_4)
FN:83,(anonymous_5)
FNF:6
FNH:0
FNDA:0,(anonymous_0)
FNDA:0,(anonymous_1)
FNDA:0,(anonymous_2)
FNDA:0,(anonymous_3)
FNDA:0,(anonymous_4)
FNDA:0,(anonymous_5)
DA:5,0
DA:7,0
DA:8,0
DA:9,0
DA:10,0
DA:12,0
DA:16,0
DA:17,0
DA:18,0
DA:19,0
DA:20,0
DA:23,0
DA:34,0
DA:35,0
DA:37,0
DA:41,0
DA:42,0
DA:43,0
DA:44,0
DA:46,0
DA:47,0
DA:48,0
DA:51,0
DA:52,0
DA:53,0
DA:56,0
DA:57,0
DA:58,0
DA:60,0
DA:63,0
DA:64,0
DA:65,0
DA:67,0
DA:68,0
DA:70,0
DA:74,0
DA:75,0
DA:76,0
DA:77,0
DA:79,0
DA:83,0
DA:84,0
DA:85,0
DA:86,0
DA:87,0
DA:89,0
LF:46
LH:0
BRDA:19,0,0,0
BRDA:19,0,1,0
BRDA:19,1,0,0
BRDA:19,1,1,0
BRDA:24,2,0,0
BRDA:24,2,1,0
BRDA:25,3,0,0
BRDA:25,3,1,0
BRDA:26,4,0,0
BRDA:26,4,1,0
BRDA:27,5,0,0
BRDA:27,5,1,0
BRDA:28,6,0,0
BRDA:28,6,1,0
BRDA:29,7,0,0
BRDA:29,7,1,0
BRDA:43,8,0,0
BRDA:43,8,1,0
BRDA:44,9,0,0
BRDA:44,9,1,0
BRDA:46,10,0,0
BRDA:46,10,1,0
BRDA:47,11,0,0
BRDA:47,11,1,0
BRDA:52,12,0,0
BRDA:52,12,1,0
BRDA:57,13,0,0
BRDA:57,13,1,0
BRDA:58,14,0,0
BRDA:58,14,1,0
BRDA:64,15,0,0
BRDA:64,15,1,0
BRF:32
BRH:0
end_of_record
TN:
SF:server/routes/tasks.js
FN:13,(anonymous_0)
FN:43,(anonymous_1)
FN:52,(anonymous_2)
FN:62,(anonymous_3)
FN:72,(anonymous_4)
FNF:5
FNH:0
FNDA:0,(anonymous_0)
FNDA:0,(anonymous_1)
FNDA:0,(anonymous_2)
FNDA:0,(anonymous_3)
FNDA:0,(anonymous_4)
DA:11,0
DA:13,0
DA:14,0
DA:15,0
DA:17,0
DA:18,0
DA:24,0
DA:34,0
DA:39,0
DA:43,0
DA:44,0
DA:45,0
DA:46,0
DA:48,0
DA:52,0
DA:53,0
DA:54,0
DA:55,0
DA:56,0
DA:58,0
DA:62,0
DA:63,0
DA:64,0
DA:65,0
DA:66,0
DA:68,0
DA:72,0
DA:73,0
DA:74,0
DA:75,0
DA:76,0
DA:78,0
LF:32
LH:0
BRDA:15,0,0,0
BRDA:15,0,1,0
BRDA:17,1,0,0
BRDA:17,1,1,0
BRDA:27,2,0,0
BRDA:27,2,1,0
BRDA:27,3,0,0
BRDA:27,3,1,0
BRDA:31,4,0,0
BRDA:31,4,1,0
BRDA:54,5,0,0
BRDA:54,5,1,0
BRDA:64,6,0,0
BRDA:64,6,1,0
BRDA:74,7,0,0
BRDA:74,7,1,0
BRF:16
BRH:0
end_of_record
TN:
SF:server/routes/tools.js
FN:12,(anonymous_0)
FNF:1
FNH:0
FNDA:0,(anonymous_0)
DA:5,0
DA:12,0
DA:13,0
DA:15,0
DA:16,0
DA:19,0
DA:20,0
DA:21,0
DA:23,0
LF:9
LH:0
BRDA:15,0,0,0
BRDA:15,0,1,0
BRDA:15,1,0,0
BRDA:15,1,1,0
BRF:4
BRH:0
end_of_record
TN:
SF:server/routes/vault.js
FN:12,(anonymous_0)
FN:31,(anonymous_1)
FN:42,(anonymous_2)
FN:59,(anonymous_3)
FN:91,(anonymous_4)
FN:124,(anonymous_5)
FN:157,(anonymous_6)
FNF:7
FNH:0
FNDA:0,(anonymous_0)
FNDA:0,(anonymous_1)
FNDA:0,(anonymous_2)
FNDA:0,(anonymous_3)
FNDA:0,(anonymous_4)
FNDA:0,(anonymous_5)
FNDA:0,(anonymous_6)
DA:5,0
DA:12,0
DA:13,0
DA:14,0
DA:15,0
DA:21,0
DA:22,0
DA:31,0
DA:32,0
DA:33,0
DA:34,0
DA:36,0
DA:37,0
DA:42,0
DA:43,0
DA:44,0
DA:45,0
DA:46,0
DA:47,0
DA:49,0
DA:50,0
DA:59,0
DA:60,0
DA:61,0
DA:64,0
DA:65,0
DA:66,0
DA:68,0
DA:71,0
DA:77,0
DA:78,0
DA:91,0
DA:92,0
DA:93,0
DA:96,0
DA:97,0
DA:99,0
DA:100,0
DA:103,0
DA:110,0
DA:111,0
DA:124,0
DA:125,0
DA:126,0
DA:127,0
DA:129,0
DA:130,0
DA:136,0
DA:143,0
DA:144,0
DA:157,0
DA:158,0
DA:159,0
DA:161,0
DA:162,0
DA:168,0
DA:171,0
DA:173,0
DA:179,0
DA:180,0
LF:60
LH:0
BRDA:25,0,0,0
BRDA:25,0,1,0
BRDA:44,1,0,0
BRDA:44,1,1,0
BRDA:45,2,0,0
BRDA:45,2,1,0
BRDA:61,3,0,0
BRDA:64,4,0,0
BRDA:64,4,1,0
BRDA:65,5,0,0
BRDA:65,5,1,0
BRDA:81,6,0,0
BRDA:81,6,1,0
BRDA:93,7,0,0
BRDA:93,8,0,0
BRDA:93,9,0,0
BRDA:93,10,0,0
BRDA:96,11,0,0
BRDA:96,11,1,0
BRDA:114,12,0,0
BRDA:114,12,1,0
BRDA:129,13,0,0
BRDA:129,13,1,0
BRDA:147,14,0,0
BRDA:147,14,1,0
BRDA:159,15,0,0
BRDA:161,16,0,0
BRDA:161,16,1,0
BRDA:161,17,0,0
BRDA:161,17,1,0
BRDA:183,18,0,0
BRDA:183,18,1,0
BRF:32
BRH:0
end_of_record
TN:
SF:server/scripts/create-test-user.js
FN:10,createTestUser
FNF:1
FNH:0
FNDA:0,createTestUser
DA:11,0
DA:12,0
DA:14,0
DA:21,0
DA:22,0
DA:23,0
DA:24,0
DA:25,0
DA:28,0
DA:29,0
DA:31,0
DA:32,0
DA:33,0
DA:35,0
DA:36,0
DA:37,0
DA:38,0
DA:39,0
DA:41,0
DA:42,0
DA:45,0
DA:46,0
DA:47,0
DA:48,0
DA:49,0
DA:50,0
DA:51,0
DA:53,0
DA:54,0
DA:60,0
DA:61,0
LF:31
LH:0
BRDA:45,0,0,0
BRDA:45,0,1,0
BRDA:60,1,0,0
BRDA:60,1,1,0
BRF:4
BRH:0
end_of_record
TN:
SF:server/scripts/db-setup.js
FN:25,createDatabase
FN:97,runMigrations
FN:117,testConnection
FN:152,(anonymous_3)
FN:163,main
FNF:5
FNH:0
FNDA:0,createDatabase
FNDA:0,runMigrations
FNDA:0,testConnection
FNDA:0,(anonymous_3)
FNDA:0,main
DA:11,0
DA:15,0
DA:18,0
DA:19,0
DA:20,0
DA:21,0
DA:22,0
DA:23,0
DA:27,0
DA:28,0
DA:33,0
DA:36,0
DA:39,0
DA:42,0
DA:55,0
DA:57,0
DA:58,0
DA:61,0
DA:66,0
DA:67,0
DA:68,0
DA:70,0
DA:73,0
DA:74,0
DA:77,0
DA:82,0
DA:86,0
DA:91,0
DA:93,0
DA:98,0
DA:100,0
DA:101,0
DA:110,0
DA:112,0
DA:113,0
DA:118,0
DA:120,0
DA:133,0
DA:135,0
DA:136,0
DA:137,0
DA:138,0
DA:144,0
DA:151,0
DA:152,0
DA:153,0
DA:156,0
DA:157,0
DA:159,0
DA:164,0
DA:166,0
DA:167,0
DA:168,0
DA:169,0
DA:171,0
DA:172,0
DA:173,0
DA:174,0
DA:176,0
DA:177,0
DA:181,0
LF:61
LH:0
BRDA:19,0,0,0
BRDA:19,0,1,0
BRDA:20,1,0,0
BRDA:20,1,1,0
BRDA:21,2,0,0
BRDA:21,2,1,0
BRDA:22,3,0,0
BRDA:22,3,1,0
BRDA:23,4,0,0
BRDA:23,4,1,0
BRDA:27,5,0,0
BRDA:27,5,1,0
BRDA:42,6,0,0
BRDA:42,6,1,0
BRDA:66,7,0,0
BRDA:66,7,1,0
BRDA:73,8,0,0
BRDA:73,8,1,0
BRDA:106,9,0,0
BRDA:106,9,1,0
BRDA:120,10,0,0
BRDA:120,10,1,0
BRF:22
BRH:0
end_of_record
TN:
SF:server/scripts/e2e-obc-flow.js
FN:23,loginOrRegister
FN:41,main
FN:63,(anonymous_2)
FNF:3
FNH:0
FNDA:0,loginOrRegister
FNDA:0,main
FNDA:0,(anonymous_2)
DA:15,0
DA:16,0
DA:17,0
DA:19,0
DA:20,0
DA:21,0
DA:24,0
DA:25,0
DA:26,0
DA:27,0
DA:28,0
DA:31,0
DA:32,0
DA:33,0
DA:35,0
DA:36,0
DA:37,0
DA:38,0
DA:42,0
DA:43,0
DA:44,0
DA:47,0
DA:48,0
DA:49,0
DA:52,0
DA:53,0
DA:54,0
DA:55,0
DA:58,0
DA:59,0
DA:60,0
DA:63,0
LF:32
LH:0
BRDA:19,0,0,0
BRDA:19,0,1,0
BRDA:20,1,0,0
BRDA:20,1,1,0
BRDA:21,2,0,0
BRDA:21,2,1,0
BRDA:28,3,0,0
BRDA:28,3,1,0
BRDA:28,4,0,0
BRDA:28,4,1,0
BRDA:32,5,0,0
BRDA:32,5,1,0
BRDA:37,6,0,0
BRDA:37,6,1,0
BRDA:49,7,0,0
BRDA:49,7,1,0
BRDA:55,8,0,0
BRDA:55,8,1,0
BRDA:60,9,0,0
BRDA:60,9,1,0
BRF:20
BRH:0
end_of_record
TN:
SF:server/scripts/setup.js
FN:21,(anonymous_0)
FN:22,(anonymous_1)
FN:23,(anonymous_2)
FN:24,(anonymous_3)
FN:28,(anonymous_4)
FN:46,(anonymous_5)
FN:66,(anonymous_6)
FN:77,(anonymous_7)
FN:90,(anonymous_8)
FN:104,(anonymous_9)
FN:131,(anonymous_10)
FN:157,(anonymous_11)
FNF:12
FNH:0
FNDA:0,(anonymous_0)
FNDA:0,(anonymous_1)
FNDA:0,(anonymous_2)
FNDA:0,(anonymous_3)
FNDA:0,(anonymous_4)
FNDA:0,(anonymous_5)
FNDA:0,(anonymous_6)
FNDA:0,(anonymous_7)
FNDA:0,(anonymous_8)
FNDA:0,(anonymous_9)
FNDA:0,(anonymous_10)
FNDA:0,(anonymous_11)
DA:10,0
DA:11,0
DA:12,0
DA:13,0
DA:15,0
DA:16,0
DA:17,0
DA:18,0
DA:20,0
DA:21,0
DA:22,0
DA:23,0
DA:24,0
DA:29,0
DA:35,0
DA:39,0
DA:47,0
DA:48,0
DA:50,0
DA:51,0
DA:52,0
DA:53,0
DA:54,0
DA:56,0
DA:57,0
DA:58,0
DA:61,0
DA:62,0
DA:67,0
DA:68,0
DA:70,0
DA:71,0
DA:74,0
DA:78,0
DA:80,0
DA:81,0
DA:82,0
DA:83,0
DA:85,0
DA:91,0
DA:93,0
DA:94,0
DA:95,0
DA:96,0
DA:98,0
DA:99,0
DA:105,0
DA:106,0
DA:108,0
DA:109,0
DA:110,0
DA:113,0
DA:114,0
DA:115,0
DA:119,0
DA:121,0
DA:122,0
DA:123,0
DA:124,0
DA:126,0
DA:132,0
DA:134,0
DA:136,0
DA:137,0
DA:138,0
DA:141,0
DA:143,0
DA:144,0
DA:150,0
DA:152,0
DA:158,0
DA:159,0
DA:161,0
DA:162,0
DA:163,0
DA:165,0
DA:166,0
DA:169,0
DA:174,0
DA:175,0
LF:80
LH:0
BRDA:70,0,0,0
BRDA:70,0,1,0
BRDA:114,1,0,0
BRDA:114,1,1,0
BRDA:162,2,0,0
BRDA:162,2,1,0
BRDA:163,3,0,0
BRDA:163,3,1,0
BRDA:165,4,0,0
BRDA:165,4,1,0
BRDA:166,5,0,0
BRDA:166,5,1,0
BRF:12
BRH:0
end_of_record
TN:
SF:server/scripts/test-stack.js
FN:25,logTest
FN:43,testDatabaseConnection
FN:59,testTables
FN:86,(anonymous_3)
FN:103,testSeedData
FN:138,testHealthEndpoints
FN:191,testAuthEndpoints
FN:221,main
FNF:8
FNH:0
FNDA:0,logTest
FNDA:0,testDatabaseConnection
FNDA:0,testTables
FNDA:0,(anonymous_3)
FNDA:0,testSeedData
FNDA:0,testHealthEndpoints
FNDA:0,testAuthEndpoints
FNDA:0,main
DA:17,0
DA:19,0
DA:21,0
DA:22,0
DA:23,0
DA:26,0
DA:27,0
DA:28,0
DA:29,0
DA:30,0
DA:31,0
DA:34,0
DA:35,0
DA:36,0
DA:37,0
DA:44,0
DA:45,0
DA:46,0
DA:49,0
DA:50,0
DA:51,0
DA:53,0
DA:54,0
DA:60,0
DA:61,0
DA:77,0
DA:78,0
DA:86,0
DA:88,0
DA:89,0
DA:90,0
DA:91,0
DA:92,0
DA:95,0
DA:97,0
DA:98,0
DA:104,0
DA:105,0
DA:106,0
DA:113,0
DA:114,0
DA:119,0
DA:124,0
DA:130,0
DA:132,0
DA:133,0
DA:139,0
DA:142,0
DA:143,0
DA:144,0
DA:145,0
DA:151,0
DA:159,0
DA:160,0
DA:161,0
DA:162,0
DA:168,0
DA:172,0
DA:173,0
DA:174,0
DA:175,0
DA:177,0
DA:181,0
DA:182,0
DA:183,0
DA:184,0
DA:186,0
DA:192,0
DA:195,0
DA:196,0
DA:201,0
DA:206,0
DA:210,0
DA:211,0
DA:214,0
DA:216,0
DA:222,0
DA:224,0
DA:226,0
DA:228,0
DA:229,0
DA:230,0
DA:234,0
DA:235,0
DA:238,0
DA:239,0
DA:240,0
DA:241,0
DA:243,0
DA:244,0
DA:246,0
DA:247,0
DA:249,0
DA:250,0
DA:253,0
DA:254,0
DA:256,0
DA:257,0
DA:262,0
LF:99
LH:0
BRDA:17,0,0,0
BRDA:17,0,1,0
BRDA:25,1,0,0
BRDA:27,2,0,0
BRDA:27,2,1,0
BRDA:30,3,0,0
BRDA:30,3,1,0
BRDA:36,4,0,0
BRDA:36,4,1,0
BRDA:92,5,0,0
BRDA:92,5,1,0
BRDA:130,6,0,0
BRDA:130,6,1,0
BRDA:147,7,0,0
BRDA:147,7,1,0
BRDA:164,8,0,0
BRDA:164,8,1,0
BRDA:175,9,0,0
BRDA:175,9,1,0
BRDA:184,10,0,0
BRDA:184,10,1,0
BRDA:203,11,0,0
BRDA:203,11,1,0
BRDA:228,12,0,0
BRDA:228,12,1,0
BRDA:246,13,0,0
BRDA:246,13,1,0
BRDA:256,14,0,0
BRDA:256,14,1,0
BRF:29
BRH:0
end_of_record
TN:
SF:server/scripts/vault-setup.js
FN:28,checkVaultSetup
FN:81,syncVault
FN:122,createDefaultStructure
FN:151,createReadme
FN:197,main
FNF:5
FNH:0
FNDA:0,checkVaultSetup
FNDA:0,syncVault
FNDA:0,createDefaultStructure
FNDA:0,createReadme
FNDA:0,main
DA:15,0
DA:16,0
DA:17,0
DA:20,0
DA:22,0
DA:23,0
DA:29,0
DA:31,0
DA:32,0
DA:33,0
DA:36,0
DA:37,0
DA:38,0
DA:41,0
DA:42,0
DA:43,0
DA:45,0
DA:46,0
DA:48,0
DA:50,0
DA:53,0
DA:58,0
DA:60,0
DA:61,0
DA:66,0
DA:67,0
DA:68,0
DA:70,0
DA:71,0
DA:72,0
DA:75,0
DA:82,0
DA:84,0
DA:86,0
DA:88,0
DA:89,0
DA:92,0
DA:95,0
DA:96,0
DA:98,0
DA:102,0
DA:103,0
DA:104,0
DA:107,0
DA:108,0
DA:109,0
DA:112,0
DA:113,0
DA:116,0
DA:123,0
DA:125,0
DA:133,0
DA:134,0
DA:136,0
DA:137,0
DA:138,0
DA:140,0
DA:141,0
DA:145,0
DA:152,0
DA:154,0
DA:155,0
DA:156,0
DA:158,0
DA:187,0
DA:188,0
DA:191,0
DA:198,0
DA:200,0
DA:202,0
DA:204,0
DA:205,0
DA:206,0
DA:207,0
DA:208,0
DA:209,0
DA:212,0
DA:213,0
DA:214,0
DA:215,0
DA:218,0
DA:219,0
DA:220,0
DA:221,0
DA:222,0
DA:224,0
DA:226,0
DA:229,0
DA:230,0
DA:231,0
DA:232,0
DA:233,0
DA:238,0
DA:239,0
LF:94
LH:0
BRDA:31,0,0,0
BRDA:31,0,1,0
BRDA:36,1,0,0
BRDA:36,1,1,0
BRDA:88,2,0,0
BRDA:88,2,1,0
BRDA:202,3,0,0
BRDA:202,3,1,0
BRDA:202,3,2,0
BRDA:202,3,3,0
BRDA:222,4,0,0
BRDA:222,4,1,0
BRDA:238,5,0,0
BRDA:238,5,1,0
BRF:14
BRH:0
end_of_record
TN:
SF:server/services/agentExecutor.js
FN:12,(anonymous_0)
FNF:1
FNH:0
FNDA:0,(anonymous_0)
DA:5,0
DA:12,0
DA:13,0
DA:18,0
DA:23,0
DA:28,0
DA:38,0
DA:39,0
DA:42,0
DA:43,0
DA:44,0
DA:48,0
DA:49,0
DA:51,0
DA:52,0
DA:55,0
DA:56,0
DA:57,0
DA:58,0
DA:63,0
DA:64,0
DA:104,0
DA:129,0
DA:131,0
DA:132,0
DA:133,0
DA:135,0
DA:145,0
DA:147,0
DA:148,0
DA:149,0
DA:150,0
DA:151,0
DA:152,0
DA:156,0
DA:158,0
DA:161,0
DA:166,0
DA:170,0
DA:173,0
DA:174,0
DA:178,0
DA:179,0
DA:183,0
DA:185,0
LF:45
LH:0
BRDA:18,0,0,0
BRDA:18,0,1,0
BRDA:20,1,0,0
BRDA:20,1,1,0
BRDA:23,2,0,0
BRDA:23,2,1,0
BRDA:23,2,2,0
BRDA:28,3,0,0
BRDA:28,3,1,0
BRDA:38,4,0,0
BRDA:38,4,1,0
BRDA:39,5,0,0
BRDA:39,5,1,0
BRDA:43,6,0,0
BRDA:43,6,1,0
BRDA:43,7,0,0
BRDA:43,7,1,0
BRDA:49,8,0,0
BRDA:49,8,1,0
BRDA:51,9,0,0
BRDA:51,9,1,0
BRDA:58,10,0,0
BRDA:58,10,1,0
BRDA:113,11,0,0
BRDA:113,11,1,0
BRDA:149,12,0,0
BRDA:149,12,1,0
BRDA:149,13,0,0
BRDA:149,13,1,0
BRDA:151,14,0,0
BRDA:151,14,1,0
BRDA:178,15,0,0
BRDA:178,15,1,0
BRF:33
BRH:0
end_of_record
TN:
SF:server/services/agentService.js
FN:4,normalizeContext
FN:17,parseConfig
FN:35,buildConfiguration
FN:65,deriveLastRun
FN:73,computeSuccessRate
FN:81,mapAgentRow
FN:112,mapRunRow
FN:132,(anonymous_7)
FN:139,(anonymous_8)
FN:166,(anonymous_9)
FN:197,(anonymous_10)
FN:238,(anonymous_11)
FN:283,(anonymous_12)
FN:288,(anonymous_13)
FN:391,(anonymous_14)
FN:397,(anonymous_15)
FN:415,(anonymous_16)
FNF:17
FNH:0
FNDA:0,normalizeContext
FNDA:0,parseConfig
FNDA:0,buildConfiguration
FNDA:0,deriveLastRun
FNDA:0,computeSuccessRate
FNDA:0,mapAgentRow
FNDA:0,mapRunRow
FNDA:0,(anonymous_7)
FNDA:0,(anonymous_8)
FNDA:0,(anonymous_9)
FNDA:0,(anonymous_10)
FNDA:0,(anonymous_11)
FNDA:0,(anonymous_12)
FNDA:0,(anonymous_13)
FNDA:0,(anonymous_14)
FNDA:0,(anonymous_15)
FNDA:0,(anonymous_16)
DA:5,0
DA:6,0
DA:8,0
DA:9,0
DA:14,0
DA:18,0
DA:19,0
DA:21,0
DA:22,0
DA:23,0
DA:25,0
DA:26,0
DA:29,0
DA:30,0
DA:32,0
DA:36,0
DA:66,0
DA:67,0
DA:69,0
DA:70,0
DA:74,0
DA:75,0
DA:77,0
DA:78,0
DA:82,0
DA:84,0
DA:88,0
DA:89,0
DA:91,0
DA:114,0
DA:115,0
DA:132,0
DA:134,0
DA:139,0
DA:140,0
DA:141,0
DA:163,0
DA:166,0
DA:167,0
DA:168,0
DA:190,0
DA:191,0
DA:194,0
DA:197,0
DA:198,0
DA:199,0
DA:200,0
DA:201,0
DA:203,0
DA:235,0
DA:238,0
DA:239,0
DA:240,0
DA:241,0
DA:242,0
DA:244,0
DA:276,0
DA:277,0
DA:280,0
DA:283,0
DA:284,0
DA:285,0
DA:288,0
DA:289,0
DA:290,0
DA:301,0
DA:302,0
DA:305,0
DA:307,0
DA:318,0
DA:334,0
DA:336,0
DA:337,0
DA:339,0
DA:356,0
DA:368,0
DA:370,0
DA:382,0
DA:393,0
DA:397,0
DA:398,0
DA:399,0
DA:412,0
DA:415,0
DA:416,0
DA:417,0
DA:430,0
LF:87
LH:0
BRDA:4,0,0,0
BRDA:5,1,0,0
BRDA:5,1,1,0
BRDA:6,2,0,0
BRDA:6,2,1,0
BRDA:6,2,2,0
BRDA:8,3,0,0
BRDA:8,3,1,0
BRDA:8,4,0,0
BRDA:8,4,1,0
BRDA:18,5,0,0
BRDA:18,5,1,0
BRDA:21,6,0,0
BRDA:21,6,1,0
BRDA:29,7,0,0
BRDA:29,7,1,0
BRDA:38,8,0,0
BRDA:38,8,1,0
BRDA:38,8,2,0
BRDA:38,8,3,0
BRDA:43,9,0,0
BRDA:43,9,1,0
BRDA:43,9,2,0
BRDA:43,9,3,0
BRDA:48,10,0,0
BRDA:48,10,1,0
BRDA:48,10,2,0
BRDA:48,10,3,0
BRDA:53,11,0,0
BRDA:53,11,1,0
BRDA:53,11,2,0
BRDA:53,11,3,0
BRDA:58,12,0,0
BRDA:58,12,1,0
BRDA:58,12,2,0
BRDA:58,12,3,0
BRDA:66,13,0,0
BRDA:66,13,1,0
BRDA:69,14,0,0
BRDA:69,14,1,0
BRDA:70,15,0,0
BRDA:70,15,1,0
BRDA:70,15,2,0
BRDA:73,16,0,0
BRDA:73,17,0,0
BRDA:74,18,0,0
BRDA:74,18,1,0
BRDA:78,19,0,0
BRDA:78,19,1,0
BRDA:82,20,0,0
BRDA:82,20,1,0
BRDA:84,21,0,0
BRDA:84,21,1,0
BRDA:84,21,2,0
BRDA:84,21,3,0
BRDA:88,22,0,0
BRDA:88,22,1,0
BRDA:88,22,2,0
BRDA:89,23,0,0
BRDA:89,23,1,0
BRDA:96,24,0,0
BRDA:96,24,1,0
BRDA:98,25,0,0
BRDA:98,25,1,0
BRDA:99,26,0,0
BRDA:99,26,1,0
BRDA:100,27,0,0
BRDA:100,27,1,0
BRDA:101,28,0,0
BRDA:101,28,1,0
BRDA:102,29,0,0
BRDA:102,29,1,0
BRDA:104,30,0,0
BRDA:104,30,1,0
BRDA:114,31,0,0
BRDA:114,31,1,0
BRDA:114,32,0,0
BRDA:114,32,1,0
BRDA:120,33,0,0
BRDA:120,33,1,0
BRDA:122,34,0,0
BRDA:122,34,1,0
BRDA:123,35,0,0
BRDA:123,35,1,0
BRDA:124,36,0,0
BRDA:124,36,1,0
BRDA:126,37,0,0
BRDA:126,37,1,0
BRDA:127,38,0,0
BRDA:127,38,1,0
BRDA:190,39,0,0
BRDA:190,39,1,0
BRDA:201,40,0,0
BRDA:201,40,1,0
BRDA:201,40,2,0
BRDA:224,41,0,0
BRDA:224,41,1,0
BRDA:225,42,0,0
BRDA:225,42,1,0
BRDA:228,43,0,0
BRDA:228,43,1,0
BRDA:229,44,0,0
BRDA:229,44,1,0
BRDA:230,45,0,0
BRDA:230,45,1,0
BRDA:242,46,0,0
BRDA:242,46,1,0
BRDA:242,46,2,0
BRDA:265,47,0,0
BRDA:265,47,1,0
BRDA:266,48,0,0
BRDA:266,48,1,0
BRDA:269,49,0,0
BRDA:269,49,1,0
BRDA:270,50,0,0
BRDA:270,50,1,0
BRDA:271,51,0,0
BRDA:271,51,1,0
BRDA:276,52,0,0
BRDA:276,52,1,0
BRDA:301,53,0,0
BRDA:301,53,1,0
BRDA:378,54,0,0
BRDA:378,54,1,0
BRDA:397,55,0,0
BRDA:415,56,0,0
BRF:126
BRH:0
end_of_record
TN:
SF:server/services/aiChatClient-IMPROVED.js
FN:4,debugOpenRouterResponse
FNF:1
FNH:0
FNDA:0,debugOpenRouterResponse
DA:5,0
DA:10,0
DA:11,0
DA:14,0
DA:16,0
DA:17,0
DA:21,0
DA:30,0
DA:31,0
DA:33,0
DA:35,0
LF:11
LH:0
BRDA:6,0,0,0
BRDA:6,0,1,0
BRDA:7,1,0,0
BRDA:7,1,1,0
BRDA:10,2,0,0
BRDA:10,2,1,0
BRDA:14,3,0,0
BRDA:14,3,1,0
BRDA:14,3,2,0
BRDA:16,4,0,0
BRDA:16,4,1,0
BRDA:16,5,0,0
BRDA:16,5,1,0
BRDA:22,6,0,0
BRDA:22,6,1,0
BRDA:23,7,0,0
BRDA:23,7,1,0
BRDA:25,8,0,0
BRDA:25,8,1,0
BRDA:26,9,0,0
BRDA:26,9,1,0
BRDA:30,10,0,0
BRDA:30,10,1,0
BRDA:31,11,0,0
BRDA:31,11,1,0
BRDA:31,11,2,0
BRDA:33,12,0,0
BRDA:33,12,1,0
BRDA:37,13,0,0
BRDA:37,13,1,0
BRF:30
BRH:0
end_of_record
TN:
SF:server/services/aiChatClient.js
FN:9,buildUrl
FN:15,clamp
FN:22,toOpenAIMessages
FN:23,(anonymous_3)
FN:35,toAnthropicMessages
FN:36,(anonymous_5)
FN:47,sanitizeMaxTokens
FN:54,openAiStyleRequest
FN:62,(anonymous_8)
FN:64,(anonymous_9)
FN:76,(anonymous_10)
FN:172,callOpenAI
FN:224,openAiStreamRequest
FN:226,(anonymous_13)
FN:228,(anonymous_14)
FN:241,(anonymous_15)
FN:280,(anonymous_16)
FN:288,(anonymous_17)
FN:360,(anonymous_18)
FN:411,(anonymous_19)
FN:416,(anonymous_20)
FN:423,(anonymous_21)
FN:424,(anonymous_22)
FN:439,(anonymous_23)
FN:440,(anonymous_24)
FN:478,(anonymous_25)
FN:480,(anonymous_26)
FN:553,generator
FN:557,(anonymous_28)
FN:628,openRouterStreamRequest
FN:630,(anonymous_30)
FN:632,(anonymous_31)
FN:647,(anonymous_32)
FN:687,(anonymous_33)
FN:720,generator
FN:724,(anonymous_35)
FN:795,callOpenRouter
FN:910,callAnthropic
FN:945,(anonymous_38)
FN:959,(anonymous_39)
FN:967,(anonymous_40)
FN:968,(anonymous_41)
FN:981,generateChatCompletion
FN:1027,buildSystemPrompt
FN:1138,(anonymous_44)
FN:1151,convertMessagesForLLM
FN:1152,(anonymous_46)
FNF:47
FNH:0
FNDA:0,buildUrl
FNDA:0,clamp
FNDA:0,toOpenAIMessages
FNDA:0,(anonymous_3)
FNDA:0,toAnthropicMessages
FNDA:0,(anonymous_5)
FNDA:0,sanitizeMaxTokens
FNDA:0,openAiStyleRequest
FNDA:0,(anonymous_8)
FNDA:0,(anonymous_9)
FNDA:0,(anonymous_10)
FNDA:0,callOpenAI
FNDA:0,openAiStreamRequest
FNDA:0,(anonymous_13)
FNDA:0,(anonymous_14)
FNDA:0,(anonymous_15)
FNDA:0,(anonymous_16)
FNDA:0,(anonymous_17)
FNDA:0,(anonymous_18)
FNDA:0,(anonymous_19)
FNDA:0,(anonymous_20)
FNDA:0,(anonymous_21)
FNDA:0,(anonymous_22)
FNDA:0,(anonymous_23)
FNDA:0,(anonymous_24)
FNDA:0,(anonymous_25)
FNDA:0,(anonymous_26)
FNDA:0,generator
FNDA:0,(anonymous_28)
FNDA:0,openRouterStreamRequest
FNDA:0,(anonymous_30)
FNDA:0,(anonymous_31)
FNDA:0,(anonymous_32)
FNDA:0,(anonymous_33)
FNDA:0,generator
FNDA:0,(anonymous_35)
FNDA:0,callOpenRouter
FNDA:0,callAnthropic
FNDA:0,(anonymous_38)
FNDA:0,(anonymous_39)
FNDA:0,(anonymous_40)
FNDA:0,(anonymous_41)
FNDA:0,generateChatCompletion
FNDA:0,buildSystemPrompt
FNDA:0,(anonymous_44)
FNDA:0,convertMessagesForLLM
FNDA:0,(anonymous_46)
DA:4,0
DA:5,0
DA:6,0
DA:7,0
DA:10,0
DA:11,0
DA:12,0
DA:16,0
DA:17,0
DA:19,0
DA:23,0
DA:28,0
DA:29,0
DA:32,0
DA:36,0
DA:48,0
DA:49,0
DA:51,0
DA:61,0
DA:62,0
DA:64,0
DA:65,0
DA:76,0
DA:78,0
DA:80,0
DA:83,0
DA:90,0
DA:93,0
DA:99,0
DA:100,0
DA:101,0
DA:103,0
DA:104,0
DA:105,0
DA:108,0
DA:109,0
DA:113,0
DA:115,0
DA:124,0
DA:127,0
DA:130,0
DA:131,0
DA:132,0
DA:133,0
DA:135,0
DA:136,0
DA:141,0
DA:173,0
DA:174,0
DA:176,0
DA:182,0
DA:183,0
DA:184,0
DA:188,0
DA:189,0
DA:192,0
DA:193,0
DA:196,0
DA:197,0
DA:200,0
DA:205,0
DA:206,0
DA:208,0
DA:210,0
DA:212,0
DA:213,0
DA:214,0
DA:216,0
DA:225,0
DA:226,0
DA:228,0
DA:229,0
DA:240,0
DA:241,0
DA:242,0
DA:245,0
DA:251,0
DA:254,0
DA:261,0
DA:262,0
DA:265,0
DA:268,0
DA:279,0
DA:280,0
DA:281,0
DA:282,0
DA:286,0
DA:287,0
DA:288,0
DA:289,0
DA:290,0
DA:291,0
DA:301,0
DA:302,0
DA:303,0
DA:306,0
DA:307,0
DA:308,0
DA:309,0
DA:311,0
DA:312,0
DA:313,0
DA:314,0
DA:316,0
DA:317,0
DA:319,0
DA:320,0
DA:321,0
DA:322,0
DA:323,0
DA:324,0
DA:333,0
DA:335,0
DA:343,0
DA:344,0
DA:346,0
DA:350,0
DA:351,0
DA:352,0
DA:355,0
DA:358,0
DA:359,0
DA:360,0
DA:361,0
DA:363,0
DA:364,0
DA:366,0
DA:369,0
DA:374,0
DA:377,0
DA:378,0
DA:381,0
DA:382,0
DA:383,0
DA:384,0
DA:385,0
DA:386,0
DA:388,0
DA:389,0
DA:390,0
DA:392,0
DA:393,0
DA:394,0
DA:395,0
DA:397,0
DA:398,0
DA:399,0
DA:402,0
DA:403,0
DA:404,0
DA:405,0
DA:406,0
DA:407,0
DA:411,0
DA:412,0
DA:415,0
DA:416,0
DA:418,0
DA:420,0
DA:421,0
DA:423,0
DA:424,0
DA:427,0
DA:428,0
DA:429,0
DA:431,0
DA:433,0
DA:436,0
DA:439,0
DA:440,0
DA:441,0
DA:446,0
DA:447,0
DA:448,0
DA:450,0
DA:453,0
DA:454,0
DA:455,0
DA:457,0
DA:459,0
DA:460,0
DA:461,0
DA:462,0
DA:463,0
DA:464,0
DA:465,0
DA:466,0
DA:468,0
DA:469,0
DA:471,0
DA:472,0
DA:475,0
DA:476,0
DA:478,0
DA:480,0
DA:481,0
DA:482,0
DA:485,0
DA:486,0
DA:487,0
DA:489,0
DA:490,0
DA:491,0
DA:494,0
DA:495,0
DA:496,0
DA:500,0
DA:501,0
DA:502,0
DA:503,0
DA:506,0
DA:509,0
DA:514,0
DA:515,0
DA:517,0
DA:526,0
DA:527,0
DA:534,0
DA:535,0
DA:540,0
DA:543,0
DA:546,0
DA:547,0
DA:550,0
DA:551,0
DA:554,0
DA:557,0
DA:558,0
DA:560,0
DA:563,0
DA:564,0
DA:568,0
DA:569,0
DA:570,0
DA:571,0
DA:573,0
DA:574,0
DA:575,0
DA:576,0
DA:577,0
DA:578,0
DA:580,0
DA:583,0
DA:586,0
DA:587,0
DA:588,0
DA:590,0
DA:591,0
DA:592,0
DA:593,0
DA:594,0
DA:596,0
DA:597,0
DA:598,0
DA:599,0
DA:600,0
DA:601,0
DA:603,0
DA:604,0
DA:607,0
DA:615,0
DA:618,0
DA:619,0
DA:620,0
DA:621,0
DA:623,0
DA:624,0
DA:629,0
DA:630,0
DA:632,0
DA:633,0
DA:634,0
DA:644,0
DA:646,0
DA:647,0
DA:649,0
DA:652,0
DA:658,0
DA:661,0
DA:668,0
DA:669,0
DA:672,0
DA:675,0
DA:686,0
DA:687,0
DA:688,0
DA:689,0
DA:692,0
DA:693,0
DA:696,0
DA:699,0
DA:702,0
DA:703,0
DA:706,0
DA:710,0
DA:712,0
DA:715,0
DA:716,0
DA:718,0
DA:721,0
DA:724,0
DA:725,0
DA:727,0
DA:730,0
DA:731,0
DA:735,0
DA:736,0
DA:737,0
DA:738,0
DA:740,0
DA:741,0
DA:742,0
DA:743,0
DA:744,0
DA:745,0
DA:747,0
DA:750,0
DA:753,0
DA:754,0
DA:755,0
DA:757,0
DA:758,0
DA:759,0
DA:760,0
DA:761,0
DA:763,0
DA:764,0
DA:765,0
DA:766,0
DA:767,0
DA:768,0
DA:770,0
DA:771,0
DA:774,0
DA:782,0
DA:785,0
DA:786,0
DA:787,0
DA:788,0
DA:790,0
DA:791,0
DA:796,0
DA:797,0
DA:800,0
DA:802,0
DA:803,0
DA:806,0
DA:812,0
DA:813,0
DA:814,0
DA:818,0
DA:820,0
DA:821,0
DA:822,0
DA:824,0
DA:829,0
DA:830,0
DA:833,0
DA:834,0
DA:837,0
DA:838,0
DA:840,0
DA:844,0
DA:845,0
DA:846,0
DA:847,0
DA:849,0
DA:852,0
DA:853,0
DA:855,0
DA:856,0
DA:860,0
DA:867,0
DA:868,0
DA:870,0
DA:872,0
DA:874,0
DA:877,0
DA:884,0
DA:885,0
DA:888,0
DA:890,0
DA:891,0
DA:894,0
DA:897,0
DA:898,0
DA:900,0
DA:902,0
DA:911,0
DA:912,0
DA:914,0
DA:920,0
DA:921,0
DA:922,0
DA:926,0
DA:927,0
DA:930,0
DA:931,0
DA:934,0
DA:935,0
DA:938,0
DA:939,0
DA:942,0
DA:944,0
DA:945,0
DA:947,0
DA:948,0
DA:959,0
DA:961,0
DA:963,0
DA:964,0
DA:967,0
DA:968,0
DA:969,0
DA:971,0
DA:977,0
DA:995,0
DA:996,0
DA:999,0
DA:1001,0
DA:1003,0
DA:1005,0
DA:1007,0
DA:1021,0
DA:1023,0
DA:1028,0
DA:1118,0
DA:1119,0
DA:1122,0
DA:1124,0
DA:1125,0
DA:1130,0
DA:1131,0
DA:1136,0
DA:1137,0
DA:1138,0
DA:1142,0
DA:1143,0
DA:1148,0
DA:1152,0
LF:440
LH:0
BRDA:10,0,0,0
BRDA:10,0,1,0
BRDA:11,1,0,0
BRDA:11,1,1,0
BRDA:16,2,0,0
BRDA:16,2,1,0
BRDA:16,3,0,0
BRDA:16,3,1,0
BRDA:16,3,2,0
BRDA:24,4,0,0
BRDA:24,4,1,0
BRDA:28,5,0,0
BRDA:28,5,1,0
BRDA:37,6,0,0
BRDA:37,6,1,0
BRDA:47,7,0,0
BRDA:48,8,0,0
BRDA:48,8,1,0
BRDA:48,9,0,0
BRDA:48,9,1,0
BRDA:48,9,2,0
BRDA:58,10,0,0
BRDA:59,11,0,0
BRDA:78,12,0,0
BRDA:78,12,1,0
BRDA:80,13,0,0
BRDA:80,13,1,0
BRDA:80,13,2,0
BRDA:80,13,3,0
BRDA:83,14,0,0
BRDA:83,14,1,0
BRDA:83,15,0,0
BRDA:83,15,1,0
BRDA:83,15,2,0
BRDA:83,15,3,0
BRDA:83,15,4,0
BRDA:83,15,5,0
BRDA:99,16,0,0
BRDA:99,16,1,0
BRDA:100,17,0,0
BRDA:100,17,1,0
BRDA:100,18,0,0
BRDA:100,18,1,0
BRDA:103,19,0,0
BRDA:103,19,1,0
BRDA:104,20,0,0
BRDA:104,20,1,0
BRDA:104,21,0,0
BRDA:104,21,1,0
BRDA:108,22,0,0
BRDA:108,22,1,0
BRDA:108,23,0,0
BRDA:108,23,1,0
BRDA:172,24,0,0
BRDA:172,25,0,0
BRDA:172,26,0,0
BRDA:173,27,0,0
BRDA:173,27,1,0
BRDA:182,28,0,0
BRDA:182,28,1,0
BRDA:182,29,0,0
BRDA:182,29,1,0
BRDA:188,30,0,0
BRDA:188,30,1,0
BRDA:192,31,0,0
BRDA:192,31,1,0
BRDA:192,32,0,0
BRDA:192,32,1,0
BRDA:196,33,0,0
BRDA:196,33,1,0
BRDA:196,34,0,0
BRDA:196,34,1,0
BRDA:208,35,0,0
BRDA:208,35,1,0
BRDA:213,36,0,0
BRDA:213,36,1,0
BRDA:214,37,0,0
BRDA:214,37,1,0
BRDA:218,38,0,0
BRDA:218,38,1,0
BRDA:224,39,0,0
BRDA:240,40,0,0
BRDA:240,40,1,0
BRDA:242,41,0,0
BRDA:242,41,1,0
BRDA:242,41,2,0
BRDA:242,41,3,0
BRDA:245,42,0,0
BRDA:245,42,1,0
BRDA:245,43,0,0
BRDA:245,43,1,0
BRDA:245,43,2,0
BRDA:245,43,3,0
BRDA:245,43,4,0
BRDA:261,44,0,0
BRDA:261,44,1,0
BRDA:279,45,0,0
BRDA:279,45,1,0
BRDA:281,46,0,0
BRDA:281,46,1,0
BRDA:281,46,2,0
BRDA:281,46,3,0
BRDA:286,47,0,0
BRDA:286,47,1,0
BRDA:287,48,0,0
BRDA:287,48,1,0
BRDA:289,49,0,0
BRDA:289,49,1,0
BRDA:293,50,0,0
BRDA:293,50,1,0
BRDA:294,51,0,0
BRDA:294,51,1,0
BRDA:295,52,0,0
BRDA:295,52,1,0
BRDA:301,53,0,0
BRDA:301,53,1,0
BRDA:306,54,0,0
BRDA:306,54,1,0
BRDA:314,55,0,0
BRDA:314,55,1,0
BRDA:320,56,0,0
BRDA:320,56,1,0
BRDA:323,57,0,0
BRDA:323,57,1,0
BRDA:337,58,0,0
BRDA:337,58,1,0
BRDA:360,59,0,0
BRDA:360,59,1,0
BRDA:360,60,0,0
BRDA:360,60,1,0
BRDA:364,61,0,0
BRDA:364,61,1,0
BRDA:364,62,0,0
BRDA:364,62,1,0
BRDA:381,63,0,0
BRDA:381,63,1,0
BRDA:392,64,0,0
BRDA:392,64,1,0
BRDA:397,65,0,0
BRDA:397,65,1,0
BRDA:406,66,0,0
BRDA:406,66,1,0
BRDA:406,67,0,0
BRDA:406,67,1,0
BRDA:412,68,0,0
BRDA:412,68,1,0
BRDA:412,69,0,0
BRDA:412,69,1,0
BRDA:416,70,0,0
BRDA:416,70,1,0
BRDA:418,71,0,0
BRDA:418,71,1,0
BRDA:421,72,0,0
BRDA:421,72,1,0
BRDA:421,73,0,0
BRDA:421,73,1,0
BRDA:427,74,0,0
BRDA:427,74,1,0
BRDA:427,75,0,0
BRDA:427,75,1,0
BRDA:459,76,0,0
BRDA:459,76,1,0
BRDA:463,77,0,0
BRDA:463,77,1,0
BRDA:466,78,0,0
BRDA:466,78,1,0
BRDA:471,79,0,0
BRDA:471,79,1,0
BRDA:478,80,0,0
BRDA:478,80,1,0
BRDA:478,81,0,0
BRDA:478,81,1,0
BRDA:482,82,0,0
BRDA:482,82,1,0
BRDA:485,83,0,0
BRDA:485,83,1,0
BRDA:489,84,0,0
BRDA:489,84,1,0
BRDA:494,85,0,0
BRDA:494,85,1,0
BRDA:500,86,0,0
BRDA:500,86,1,0
BRDA:519,87,0,0
BRDA:519,87,1,0
BRDA:529,88,0,0
BRDA:529,88,1,0
BRDA:529,88,2,0
BRDA:530,89,0,0
BRDA:530,89,1,0
BRDA:531,90,0,0
BRDA:531,90,1,0
BRDA:546,91,0,0
BRDA:546,91,1,0
BRDA:558,92,0,0
BRDA:558,92,1,0
BRDA:558,93,0,0
BRDA:558,93,1,0
BRDA:570,94,0,0
BRDA:570,94,1,0
BRDA:571,95,0,0
BRDA:571,95,1,0
BRDA:576,96,0,0
BRDA:576,96,1,0
BRDA:577,97,0,0
BRDA:577,97,1,0
BRDA:578,98,0,0
BRDA:578,98,1,0
BRDA:591,99,0,0
BRDA:591,99,1,0
BRDA:593,100,0,0
BRDA:593,100,1,0
BRDA:596,101,0,0
BRDA:596,101,1,0
BRDA:600,102,0,0
BRDA:600,102,1,0
BRDA:601,103,0,0
BRDA:601,103,1,0
BRDA:603,104,0,0
BRDA:603,104,1,0
BRDA:628,105,0,0
BRDA:646,106,0,0
BRDA:646,106,1,0
BRDA:649,107,0,0
BRDA:649,107,1,0
BRDA:649,107,2,0
BRDA:649,107,3,0
BRDA:652,108,0,0
BRDA:652,108,1,0
BRDA:652,109,0,0
BRDA:652,109,1,0
BRDA:652,109,2,0
BRDA:652,109,3,0
BRDA:652,109,4,0
BRDA:668,110,0,0
BRDA:668,110,1,0
BRDA:686,111,0,0
BRDA:686,111,1,0
BRDA:688,112,0,0
BRDA:688,112,1,0
BRDA:688,112,2,0
BRDA:688,112,3,0
BRDA:692,113,0,0
BRDA:692,113,1,0
BRDA:702,114,0,0
BRDA:702,114,1,0
BRDA:710,115,0,0
BRDA:710,115,1,0
BRDA:725,116,0,0
BRDA:725,116,1,0
BRDA:725,117,0,0
BRDA:725,117,1,0
BRDA:737,118,0,0
BRDA:737,118,1,0
BRDA:738,119,0,0
BRDA:738,119,1,0
BRDA:743,120,0,0
BRDA:743,120,1,0
BRDA:744,121,0,0
BRDA:744,121,1,0
BRDA:745,122,0,0
BRDA:745,122,1,0
BRDA:758,123,0,0
BRDA:758,123,1,0
BRDA:760,124,0,0
BRDA:760,124,1,0
BRDA:763,125,0,0
BRDA:763,125,1,0
BRDA:767,126,0,0
BRDA:767,126,1,0
BRDA:768,127,0,0
BRDA:768,127,1,0
BRDA:770,128,0,0
BRDA:770,128,1,0
BRDA:795,129,0,0
BRDA:795,130,0,0
BRDA:795,131,0,0
BRDA:796,132,0,0
BRDA:796,132,1,0
BRDA:802,133,0,0
BRDA:802,133,1,0
BRDA:802,134,0,0
BRDA:802,134,1,0
BRDA:812,135,0,0
BRDA:812,135,1,0
BRDA:812,136,0,0
BRDA:812,136,1,0
BRDA:818,137,0,0
BRDA:818,137,1,0
BRDA:821,138,0,0
BRDA:821,138,1,0
BRDA:829,139,0,0
BRDA:829,139,1,0
BRDA:833,140,0,0
BRDA:833,140,1,0
BRDA:837,141,0,0
BRDA:837,141,1,0
BRDA:837,142,0,0
BRDA:837,142,1,0
BRDA:852,143,0,0
BRDA:852,143,1,0
BRDA:852,144,0,0
BRDA:852,144,1,0
BRDA:855,145,0,0
BRDA:855,145,1,0
BRDA:855,146,0,0
BRDA:855,146,1,0
BRDA:863,147,0,0
BRDA:863,147,1,0
BRDA:864,148,0,0
BRDA:864,148,1,0
BRDA:868,149,0,0
BRDA:868,149,1,0
BRDA:868,150,0,0
BRDA:868,150,1,0
BRDA:870,151,0,0
BRDA:870,151,1,0
BRDA:878,152,0,0
BRDA:878,152,1,0
BRDA:879,153,0,0
BRDA:879,153,1,0
BRDA:880,154,0,0
BRDA:880,154,1,0
BRDA:881,155,0,0
BRDA:881,155,1,0
BRDA:884,156,0,0
BRDA:884,156,1,0
BRDA:888,157,0,0
BRDA:888,157,1,0
BRDA:888,157,2,0
BRDA:890,158,0,0
BRDA:890,158,1,0
BRDA:890,159,0,0
BRDA:890,159,1,0
BRDA:897,160,0,0
BRDA:897,160,1,0
BRDA:898,161,0,0
BRDA:898,161,1,0
BRDA:900,162,0,0
BRDA:900,162,1,0
BRDA:904,163,0,0
BRDA:904,163,1,0
BRDA:910,164,0,0
BRDA:910,165,0,0
BRDA:910,166,0,0
BRDA:911,167,0,0
BRDA:911,167,1,0
BRDA:920,168,0,0
BRDA:920,168,1,0
BRDA:920,169,0,0
BRDA:920,169,1,0
BRDA:926,170,0,0
BRDA:926,170,1,0
BRDA:926,171,0,0
BRDA:926,171,1,0
BRDA:930,172,0,0
BRDA:930,172,1,0
BRDA:934,173,0,0
BRDA:934,173,1,0
BRDA:934,174,0,0
BRDA:934,174,1,0
BRDA:938,175,0,0
BRDA:938,175,1,0
BRDA:953,176,0,0
BRDA:953,176,1,0
BRDA:961,177,0,0
BRDA:961,177,1,0
BRDA:963,178,0,0
BRDA:963,178,1,0
BRDA:963,178,2,0
BRDA:963,178,3,0
BRDA:967,179,0,0
BRDA:967,179,1,0
BRDA:969,180,0,0
BRDA:969,180,1,0
BRDA:973,181,0,0
BRDA:973,181,1,0
BRDA:991,182,0,0
BRDA:992,183,0,0
BRDA:993,184,0,0
BRDA:995,185,0,0
BRDA:995,185,1,0
BRDA:999,186,0,0
BRDA:999,186,1,0
BRDA:1001,187,0,0
BRDA:1001,187,1,0
BRDA:1001,187,2,0
BRDA:1001,187,3,0
BRDA:1001,187,4,0
BRDA:1008,188,0,0
BRDA:1008,188,1,0
BRDA:1118,189,0,0
BRDA:1118,189,1,0
BRDA:1124,190,0,0
BRDA:1124,190,1,0
BRDA:1124,191,0,0
BRDA:1124,191,1,0
BRDA:1130,192,0,0
BRDA:1130,192,1,0
BRDA:1130,193,0,0
BRDA:1130,193,1,0
BRDA:1136,194,0,0
BRDA:1136,194,1,0
BRDA:1136,195,0,0
BRDA:1136,195,1,0
BRDA:1142,196,0,0
BRDA:1142,196,1,0
BRF:406
BRH:0
end_of_record
TN:
SF:server/services/aiChatClient_backup.js
FN:9,buildUrl
FN:15,clamp
FN:22,toOpenAIMessages
FN:23,(anonymous_3)
FN:35,toAnthropicMessages
FN:36,(anonymous_5)
FN:47,sanitizeMaxTokens
FN:54,openAiStyleRequest
FN:62,(anonymous_8)
FN:76,(anonymous_9)
FN:165,callOpenAI
FN:211,openAiStreamRequest
FN:213,(anonymous_12)
FN:228,(anonymous_13)
FN:267,(anonymous_14)
FN:275,(anonymous_15)
FN:347,(anonymous_16)
FN:398,(anonymous_17)
FN:403,(anonymous_18)
FN:410,(anonymous_19)
FN:411,(anonymous_20)
FN:426,(anonymous_21)
FN:427,(anonymous_22)
FN:465,(anonymous_23)
FN:467,(anonymous_24)
FN:543,openRouterStreamRequest
FN:545,(anonymous_26)
FN:560,(anonymous_27)
FN:600,(anonymous_28)
FN:625,callOpenRouter
FN:734,callAnthropic
FN:763,(anonymous_31)
FN:777,(anonymous_32)
FN:785,(anonymous_33)
FN:786,(anonymous_34)
FN:799,generateChatCompletion
FN:841,buildSystemPrompt
FN:866,convertMessagesForLLM
FN:867,(anonymous_38)
FNF:39
FNH:0
FNDA:0,buildUrl
FNDA:0,clamp
FNDA:0,toOpenAIMessages
FNDA:0,(anonymous_3)
FNDA:0,toAnthropicMessages
FNDA:0,(anonymous_5)
FNDA:0,sanitizeMaxTokens
FNDA:0,openAiStyleRequest
FNDA:0,(anonymous_8)
FNDA:0,(anonymous_9)
FNDA:0,callOpenAI
FNDA:0,openAiStreamRequest
FNDA:0,(anonymous_12)
FNDA:0,(anonymous_13)
FNDA:0,(anonymous_14)
FNDA:0,(anonymous_15)
FNDA:0,(anonymous_16)
FNDA:0,(anonymous_17)
FNDA:0,(anonymous_18)
FNDA:0,(anonymous_19)
FNDA:0,(anonymous_20)
FNDA:0,(anonymous_21)
FNDA:0,(anonymous_22)
FNDA:0,(anonymous_23)
FNDA:0,(anonymous_24)
FNDA:0,openRouterStreamRequest
FNDA:0,(anonymous_26)
FNDA:0,(anonymous_27)
FNDA:0,(anonymous_28)
FNDA:0,callOpenRouter
FNDA:0,callAnthropic
FNDA:0,(anonymous_31)
FNDA:0,(anonymous_32)
FNDA:0,(anonymous_33)
FNDA:0,(anonymous_34)
FNDA:0,generateChatCompletion
FNDA:0,buildSystemPrompt
FNDA:0,convertMessagesForLLM
FNDA:0,(anonymous_38)
DA:4,0
DA:5,0
DA:6,0
DA:7,0
DA:10,0
DA:11,0
DA:12,0
DA:16,0
DA:17,0
DA:19,0
DA:23,0
DA:28,0
DA:29,0
DA:32,0
DA:36,0
DA:48,0
DA:49,0
DA:51,0
DA:61,0
DA:62,0
DA:64,0
DA:65,0
DA:76,0
DA:78,0
DA:80,0
DA:83,0
DA:90,0
DA:93,0
DA:99,0
DA:100,0
DA:101,0
DA:103,0
DA:104,0
DA:105,0
DA:108,0
DA:109,0
DA:113,0
DA:115,0
DA:124,0
DA:127,0
DA:129,0
DA:134,0
DA:166,0
DA:167,0
DA:169,0
DA:175,0
DA:176,0
DA:179,0
DA:180,0
DA:183,0
DA:184,0
DA:187,0
DA:192,0
DA:193,0
DA:195,0
DA:197,0
DA:199,0
DA:200,0
DA:201,0
DA:203,0
DA:212,0
DA:213,0
DA:215,0
DA:216,0
DA:227,0
DA:228,0
DA:229,0
DA:232,0
DA:238,0
DA:241,0
DA:248,0
DA:249,0
DA:252,0
DA:255,0
DA:266,0
DA:267,0
DA:268,0
DA:269,0
DA:273,0
DA:274,0
DA:275,0
DA:276,0
DA:277,0
DA:278,0
DA:288,0
DA:289,0
DA:290,0
DA:293,0
DA:294,0
DA:295,0
DA:296,0
DA:298,0
DA:299,0
DA:300,0
DA:301,0
DA:303,0
DA:304,0
DA:306,0
DA:307,0
DA:308,0
DA:309,0
DA:310,0
DA:311,0
DA:320,0
DA:322,0
DA:330,0
DA:331,0
DA:333,0
DA:337,0
DA:338,0
DA:339,0
DA:342,0
DA:345,0
DA:346,0
DA:347,0
DA:348,0
DA:350,0
DA:351,0
DA:353,0
DA:356,0
DA:361,0
DA:364,0
DA:365,0
DA:368,0
DA:369,0
DA:370,0
DA:371,0
DA:372,0
DA:373,0
DA:375,0
DA:376,0
DA:377,0
DA:379,0
DA:380,0
DA:381,0
DA:382,0
DA:384,0
DA:385,0
DA:386,0
DA:389,0
DA:390,0
DA:391,0
DA:392,0
DA:393,0
DA:394,0
DA:398,0
DA:399,0
DA:402,0
DA:403,0
DA:405,0
DA:407,0
DA:408,0
DA:410,0
DA:411,0
DA:414,0
DA:415,0
DA:416,0
DA:418,0
DA:420,0
DA:423,0
DA:426,0
DA:427,0
DA:428,0
DA:433,0
DA:434,0
DA:435,0
DA:437,0
DA:440,0
DA:441,0
DA:442,0
DA:444,0
DA:446,0
DA:447,0
DA:448,0
DA:449,0
DA:450,0
DA:451,0
DA:452,0
DA:453,0
DA:455,0
DA:456,0
DA:458,0
DA:459,0
DA:462,0
DA:463,0
DA:465,0
DA:467,0
DA:468,0
DA:469,0
DA:472,0
DA:473,0
DA:474,0
DA:476,0
DA:477,0
DA:478,0
DA:481,0
DA:482,0
DA:483,0
DA:487,0
DA:488,0
DA:489,0
DA:490,0
DA:493,0
DA:496,0
DA:501,0
DA:502,0
DA:504,0
DA:513,0
DA:514,0
DA:521,0
DA:522,0
DA:527,0
DA:530,0
DA:533,0
DA:534,0
DA:537,0
DA:539,0
DA:544,0
DA:545,0
DA:547,0
DA:548,0
DA:559,0
DA:560,0
DA:562,0
DA:565,0
DA:571,0
DA:574,0
DA:581,0
DA:582,0
DA:585,0
DA:588,0
DA:599,0
DA:600,0
DA:601,0
DA:602,0
DA:605,0
DA:606,0
DA:609,0
DA:612,0
DA:615,0
DA:616,0
DA:619,0
DA:621,0
DA:626,0
DA:627,0
DA:630,0
DA:632,0
DA:633,0
DA:636,0
DA:642,0
DA:644,0
DA:645,0
DA:646,0
DA:648,0
DA:653,0
DA:654,0
DA:657,0
DA:658,0
DA:661,0
DA:662,0
DA:664,0
DA:668,0
DA:669,0
DA:670,0
DA:671,0
DA:673,0
DA:676,0
DA:677,0
DA:679,0
DA:680,0
DA:684,0
DA:691,0
DA:692,0
DA:694,0
DA:696,0
DA:698,0
DA:701,0
DA:708,0
DA:709,0
DA:712,0
DA:714,0
DA:715,0
DA:718,0
DA:721,0
DA:722,0
DA:724,0
DA:726,0
DA:735,0
DA:736,0
DA:738,0
DA:744,0
DA:745,0
DA:748,0
DA:749,0
DA:752,0
DA:753,0
DA:756,0
DA:757,0
DA:760,0
DA:762,0
DA:763,0
DA:765,0
DA:766,0
DA:777,0
DA:779,0
DA:781,0
DA:782,0
DA:785,0
DA:786,0
DA:787,0
DA:789,0
DA:795,0
DA:811,0
DA:812,0
DA:815,0
DA:817,0
DA:819,0
DA:821,0
DA:823,0
DA:835,0
DA:837,0
DA:842,0
DA:843,0
DA:846,0
DA:851,0
DA:852,0
DA:857,0
DA:858,0
DA:863,0
DA:867,0
LF:330
LH:0
BRDA:10,0,0,0
BRDA:10,0,1,0
BRDA:11,1,0,0
BRDA:11,1,1,0
BRDA:16,2,0,0
BRDA:16,2,1,0
BRDA:16,3,0,0
BRDA:16,3,1,0
BRDA:16,3,2,0
BRDA:24,4,0,0
BRDA:24,4,1,0
BRDA:28,5,0,0
BRDA:28,5,1,0
BRDA:37,6,0,0
BRDA:37,6,1,0
BRDA:47,7,0,0
BRDA:48,8,0,0
BRDA:48,8,1,0
BRDA:48,9,0,0
BRDA:48,9,1,0
BRDA:48,9,2,0
BRDA:58,10,0,0
BRDA:59,11,0,0
BRDA:78,12,0,0
BRDA:78,12,1,0
BRDA:80,13,0,0
BRDA:80,13,1,0
BRDA:80,13,2,0
BRDA:80,13,3,0
BRDA:83,14,0,0
BRDA:83,14,1,0
BRDA:83,15,0,0
BRDA:83,15,1,0
BRDA:83,15,2,0
BRDA:83,15,3,0
BRDA:83,15,4,0
BRDA:83,15,5,0
BRDA:99,16,0,0
BRDA:99,16,1,0
BRDA:100,17,0,0
BRDA:100,17,1,0
BRDA:100,18,0,0
BRDA:100,18,1,0
BRDA:103,19,0,0
BRDA:103,19,1,0
BRDA:104,20,0,0
BRDA:104,20,1,0
BRDA:104,21,0,0
BRDA:104,21,1,0
BRDA:108,22,0,0
BRDA:108,22,1,0
BRDA:108,23,0,0
BRDA:108,23,1,0
BRDA:165,24,0,0
BRDA:166,25,0,0
BRDA:166,25,1,0
BRDA:175,26,0,0
BRDA:175,26,1,0
BRDA:179,27,0,0
BRDA:179,27,1,0
BRDA:179,28,0,0
BRDA:179,28,1,0
BRDA:183,29,0,0
BRDA:183,29,1,0
BRDA:183,30,0,0
BRDA:183,30,1,0
BRDA:195,31,0,0
BRDA:195,31,1,0
BRDA:200,32,0,0
BRDA:200,32,1,0
BRDA:201,33,0,0
BRDA:201,33,1,0
BRDA:205,34,0,0
BRDA:205,34,1,0
BRDA:211,35,0,0
BRDA:227,36,0,0
BRDA:227,36,1,0
BRDA:229,37,0,0
BRDA:229,37,1,0
BRDA:229,37,2,0
BRDA:229,37,3,0
BRDA:232,38,0,0
BRDA:232,38,1,0
BRDA:232,39,0,0
BRDA:232,39,1,0
BRDA:232,39,2,0
BRDA:232,39,3,0
BRDA:232,39,4,0
BRDA:248,40,0,0
BRDA:248,40,1,0
BRDA:266,41,0,0
BRDA:266,41,1,0
BRDA:268,42,0,0
BRDA:268,42,1,0
BRDA:268,42,2,0
BRDA:268,42,3,0
BRDA:273,43,0,0
BRDA:273,43,1,0
BRDA:274,44,0,0
BRDA:274,44,1,0
BRDA:276,45,0,0
BRDA:276,45,1,0
BRDA:280,46,0,0
BRDA:280,46,1,0
BRDA:281,47,0,0
BRDA:281,47,1,0
BRDA:282,48,0,0
BRDA:282,48,1,0
BRDA:288,49,0,0
BRDA:288,49,1,0
BRDA:293,50,0,0
BRDA:293,50,1,0
BRDA:301,51,0,0
BRDA:301,51,1,0
BRDA:307,52,0,0
BRDA:307,52,1,0
BRDA:310,53,0,0
BRDA:310,53,1,0
BRDA:324,54,0,0
BRDA:324,54,1,0
BRDA:347,55,0,0
BRDA:347,55,1,0
BRDA:347,56,0,0
BRDA:347,56,1,0
BRDA:351,57,0,0
BRDA:351,57,1,0
BRDA:351,58,0,0
BRDA:351,58,1,0
BRDA:368,59,0,0
BRDA:368,59,1,0
BRDA:379,60,0,0
BRDA:379,60,1,0
BRDA:384,61,0,0
BRDA:384,61,1,0
BRDA:393,62,0,0
BRDA:393,62,1,0
BRDA:393,63,0,0
BRDA:393,63,1,0
BRDA:399,64,0,0
BRDA:399,64,1,0
BRDA:399,65,0,0
BRDA:399,65,1,0
BRDA:403,66,0,0
BRDA:403,66,1,0
BRDA:405,67,0,0
BRDA:405,67,1,0
BRDA:408,68,0,0
BRDA:408,68,1,0
BRDA:408,69,0,0
BRDA:408,69,1,0
BRDA:414,70,0,0
BRDA:414,70,1,0
BRDA:414,71,0,0
BRDA:414,71,1,0
BRDA:446,72,0,0
BRDA:446,72,1,0
BRDA:450,73,0,0
BRDA:450,73,1,0
BRDA:453,74,0,0
BRDA:453,74,1,0
BRDA:458,75,0,0
BRDA:458,75,1,0
BRDA:465,76,0,0
BRDA:465,76,1,0
BRDA:465,77,0,0
BRDA:465,77,1,0
BRDA:469,78,0,0
BRDA:469,78,1,0
BRDA:472,79,0,0
BRDA:472,79,1,0
BRDA:476,80,0,0
BRDA:476,80,1,0
BRDA:481,81,0,0
BRDA:481,81,1,0
BRDA:487,82,0,0
BRDA:487,82,1,0
BRDA:506,83,0,0
BRDA:506,83,1,0
BRDA:516,84,0,0
BRDA:516,84,1,0
BRDA:516,84,2,0
BRDA:517,85,0,0
BRDA:517,85,1,0
BRDA:518,86,0,0
BRDA:518,86,1,0
BRDA:533,87,0,0
BRDA:533,87,1,0
BRDA:543,88,0,0
BRDA:559,89,0,0
BRDA:559,89,1,0
BRDA:562,90,0,0
BRDA:562,90,1,0
BRDA:562,90,2,0
BRDA:562,90,3,0
BRDA:565,91,0,0
BRDA:565,91,1,0
BRDA:565,92,0,0
BRDA:565,92,1,0
BRDA:565,92,2,0
BRDA:565,92,3,0
BRDA:565,92,4,0
BRDA:581,93,0,0
BRDA:581,93,1,0
BRDA:599,94,0,0
BRDA:599,94,1,0
BRDA:601,95,0,0
BRDA:601,95,1,0
BRDA:601,95,2,0
BRDA:601,95,3,0
BRDA:605,96,0,0
BRDA:605,96,1,0
BRDA:615,97,0,0
BRDA:615,97,1,0
BRDA:625,98,0,0
BRDA:626,99,0,0
BRDA:626,99,1,0
BRDA:632,100,0,0
BRDA:632,100,1,0
BRDA:632,101,0,0
BRDA:632,101,1,0
BRDA:642,102,0,0
BRDA:642,102,1,0
BRDA:645,103,0,0
BRDA:645,103,1,0
BRDA:653,104,0,0
BRDA:653,104,1,0
BRDA:657,105,0,0
BRDA:657,105,1,0
BRDA:661,106,0,0
BRDA:661,106,1,0
BRDA:661,107,0,0
BRDA:661,107,1,0
BRDA:676,108,0,0
BRDA:676,108,1,0
BRDA:676,109,0,0
BRDA:676,109,1,0
BRDA:679,110,0,0
BRDA:679,110,1,0
BRDA:679,111,0,0
BRDA:679,111,1,0
BRDA:687,112,0,0
BRDA:687,112,1,0
BRDA:688,113,0,0
BRDA:688,113,1,0
BRDA:692,114,0,0
BRDA:692,114,1,0
BRDA:692,115,0,0
BRDA:692,115,1,0
BRDA:694,116,0,0
BRDA:694,116,1,0
BRDA:702,117,0,0
BRDA:702,117,1,0
BRDA:703,118,0,0
BRDA:703,118,1,0
BRDA:704,119,0,0
BRDA:704,119,1,0
BRDA:705,120,0,0
BRDA:705,120,1,0
BRDA:708,121,0,0
BRDA:708,121,1,0
BRDA:712,122,0,0
BRDA:712,122,1,0
BRDA:712,122,2,0
BRDA:714,123,0,0
BRDA:714,123,1,0
BRDA:714,124,0,0
BRDA:714,124,1,0
BRDA:721,125,0,0
BRDA:721,125,1,0
BRDA:722,126,0,0
BRDA:722,126,1,0
BRDA:724,127,0,0
BRDA:724,127,1,0
BRDA:728,128,0,0
BRDA:728,128,1,0
BRDA:735,129,0,0
BRDA:735,129,1,0
BRDA:744,130,0,0
BRDA:744,130,1,0
BRDA:744,131,0,0
BRDA:744,131,1,0
BRDA:748,132,0,0
BRDA:748,132,1,0
BRDA:752,133,0,0
BRDA:752,133,1,0
BRDA:752,134,0,0
BRDA:752,134,1,0
BRDA:756,135,0,0
BRDA:756,135,1,0
BRDA:771,136,0,0
BRDA:771,136,1,0
BRDA:779,137,0,0
BRDA:779,137,1,0
BRDA:781,138,0,0
BRDA:781,138,1,0
BRDA:781,138,2,0
BRDA:781,138,3,0
BRDA:785,139,0,0
BRDA:785,139,1,0
BRDA:787,140,0,0
BRDA:787,140,1,0
BRDA:791,141,0,0
BRDA:791,141,1,0
BRDA:809,142,0,0
BRDA:811,143,0,0
BRDA:811,143,1,0
BRDA:817,144,0,0
BRDA:817,144,1,0
BRDA:817,144,2,0
BRDA:817,144,3,0
BRDA:817,144,4,0
BRDA:824,145,0,0
BRDA:824,145,1,0
BRDA:842,146,0,0
BRDA:842,146,1,0
BRDA:851,147,0,0
BRDA:851,147,1,0
BRDA:851,148,0,0
BRDA:851,148,1,0
BRDA:857,149,0,0
BRDA:857,149,1,0
BRDA:857,150,0,0
BRDA:857,150,1,0
BRF:323
BRH:0
end_of_record
TN:
SF:server/services/aiProviderService.js
FN:174,encryptApiKey
FN:188,decryptApiKey
FN:200,ensureDefaultModels
FN:241,getProviders
FN:267,getProviderById
FN:283,upsertProvider
FN:376,deleteProvider
FN:426,getProviderApiKey
FN:473,getModels
FN:509,getAvailableModels
FN:542,upsertModel
FN:628,setConversationModel
FN:668,getConversationModel
FN:703,updateModelUsage
FN:724,buildUrl
FN:730,fetchJson
FN:733,(anonymous_16)
FN:739,fetchOpenAIModels
FN:749,(anonymous_18)
FN:750,(anonymous_19)
FN:767,fetchAnthropicModels
FN:778,(anonymous_21)
FN:779,(anonymous_22)
FN:798,fetchDeepSeekModels
FN:807,(anonymous_24)
FN:822,fetchOpenRouterModels
FN:831,(anonymous_26)
FN:855,disableMissingModels
FN:866,syncProviderModels
FN:889,(anonymous_29)
FN:934,getDefaultProvider
FN:951,getDefaultModel
FNF:32
FNH:0
FNDA:0,encryptApiKey
FNDA:0,decryptApiKey
FNDA:0,ensureDefaultModels
FNDA:0,getProviders
FNDA:0,getProviderById
FNDA:0,upsertProvider
FNDA:0,deleteProvider
FNDA:0,getProviderApiKey
FNDA:0,getModels
FNDA:0,getAvailableModels
FNDA:0,upsertModel
FNDA:0,setConversationModel
FNDA:0,getConversationModel
FNDA:0,updateModelUsage
FNDA:0,buildUrl
FNDA:0,fetchJson
FNDA:0,(anonymous_16)
FNDA:0,fetchOpenAIModels
FNDA:0,(anonymous_18)
FNDA:0,(anonymous_19)
FNDA:0,fetchAnthropicModels
FNDA:0,(anonymous_21)
FNDA:0,(anonymous_22)
FNDA:0,fetchDeepSeekModels
FNDA:0,(anonymous_24)
FNDA:0,fetchOpenRouterModels
FNDA:0,(anonymous_26)
FNDA:0,disableMissingModels
FNDA:0,syncProviderModels
FNDA:0,(anonymous_29)
FNDA:0,getDefaultProvider
FNDA:0,getDefaultModel
DA:13,0
DA:14,0
DA:17,0
DA:175,0
DA:176,0
DA:177,0
DA:179,0
DA:180,0
DA:182,0
DA:189,0
DA:190,0
DA:191,0
DA:192,0
DA:194,0
DA:195,0
DA:197,0
DA:201,0
DA:203,0
DA:204,0
DA:207,0
DA:208,0
DA:215,0
DA:216,0
DA:219,0
DA:226,0
DA:227,0
DA:228,0
DA:230,0
DA:242,0
DA:243,0
DA:260,0
DA:262,0
DA:263,0
DA:268,0
DA:273,0
DA:274,0
DA:277,0
DA:291,0
DA:293,0
DA:296,0
DA:298,0
DA:304,0
DA:305,0
DA:307,0
DA:308,0
DA:309,0
DA:311,0
DA:312,0
DA:315,0
DA:316,0
DA:320,0
DA:321,0
DA:329,0
DA:359,0
DA:360,0
DA:362,0
DA:363,0
DA:366,0
DA:368,0
DA:369,0
DA:377,0
DA:379,0
DA:381,0
DA:383,0
DA:391,0
DA:397,0
DA:404,0
DA:405,0
DA:408,0
DA:409,0
DA:410,0
DA:413,0
DA:414,0
DA:418,0
DA:419,0
DA:427,0
DA:428,0
DA:435,0
DA:436,0
DA:439,0
DA:441,0
DA:442,0
DA:445,0
DA:446,0
DA:447,0
DA:451,0
DA:452,0
DA:454,0
DA:455,0
DA:458,0
DA:460,0
DA:465,0
DA:466,0
DA:474,0
DA:475,0
DA:499,0
DA:501,0
DA:502,0
DA:510,0
DA:511,0
DA:532,0
DA:534,0
DA:535,0
DA:556,0
DA:558,0
DA:560,0
DA:561,0
DA:569,0
DA:617,0
DA:618,0
DA:620,0
DA:621,0
DA:633,0
DA:635,0
DA:636,0
DA:654,0
DA:655,0
DA:658,0
DA:660,0
DA:661,0
DA:669,0
DA:670,0
DA:693,0
DA:695,0
DA:696,0
DA:704,0
DA:705,0
DA:715,0
DA:719,0
DA:720,0
DA:721,0
DA:722,0
DA:725,0
DA:726,0
DA:727,0
DA:731,0
DA:732,0
DA:733,0
DA:734,0
DA:736,0
DA:740,0
DA:741,0
DA:747,0
DA:748,0
DA:749,0
DA:751,0
DA:752,0
DA:753,0
DA:754,0
DA:756,0
DA:768,0
DA:769,0
DA:776,0
DA:777,0
DA:778,0
DA:780,0
DA:781,0
DA:782,0
DA:783,0
DA:785,0
DA:799,0
DA:800,0
DA:806,0
DA:807,0
DA:808,0
DA:809,0
DA:823,0
DA:824,0
DA:830,0
DA:831,0
DA:832,0
DA:833,0
DA:835,0
DA:848,0
DA:856,0
DA:857,0
DA:867,0
DA:868,0
DA:869,0
DA:871,0
DA:872,0
DA:875,0
DA:876,0
DA:878,0
DA:879,0
DA:882,0
DA:889,0
DA:890,0
DA:892,0
DA:894,0
DA:895,0
DA:896,0
DA:897,0
DA:900,0
DA:915,0
DA:918,0
DA:919,0
DA:921,0
DA:927,0
DA:929,0
DA:930,0
DA:935,0
DA:936,0
DA:944,0
DA:946,0
DA:947,0
DA:952,0
DA:953,0
DA:963,0
DA:965,0
DA:966,0
LF:211
LH:0
BRDA:13,0,0,0
BRDA:13,0,1,0
BRDA:203,1,0,0
BRDA:203,1,1,0
BRDA:203,2,0,0
BRDA:203,2,1,0
BRDA:215,3,0,0
BRDA:215,3,1,0
BRDA:273,4,0,0
BRDA:273,4,1,0
BRDA:288,5,0,0
BRDA:289,6,0,0
BRDA:290,7,0,0
BRDA:296,8,0,0
BRDA:296,8,1,0
BRDA:307,9,0,0
BRDA:307,9,1,0
BRDA:309,10,0,0
BRDA:309,10,1,0
BRDA:320,11,0,0
BRDA:320,11,1,0
BRDA:362,12,0,0
BRDA:362,12,1,0
BRDA:404,13,0,0
BRDA:404,13,1,0
BRDA:435,14,0,0
BRDA:435,14,1,0
BRDA:442,15,0,0
BRDA:442,15,1,0
BRDA:445,16,0,0
BRDA:445,16,1,0
BRDA:458,17,0,0
BRDA:458,17,1,0
BRDA:546,18,0,0
BRDA:547,19,0,0
BRDA:548,20,0,0
BRDA:549,21,0,0
BRDA:550,22,0,0
BRDA:551,23,0,0
BRDA:552,24,0,0
BRDA:553,25,0,0
BRDA:554,26,0,0
BRDA:555,27,0,0
BRDA:560,28,0,0
BRDA:560,28,1,0
BRDA:631,29,0,0
BRDA:633,30,0,0
BRDA:633,31,0,0
BRDA:633,32,0,0
BRDA:654,33,0,0
BRDA:654,33,1,0
BRDA:693,34,0,0
BRDA:693,34,1,0
BRDA:725,35,0,0
BRDA:725,35,1,0
BRDA:726,36,0,0
BRDA:726,36,1,0
BRDA:730,37,0,0
BRDA:732,38,0,0
BRDA:732,38,1,0
BRDA:740,39,0,0
BRDA:740,39,1,0
BRDA:747,40,0,0
BRDA:747,40,1,0
BRDA:752,41,0,0
BRDA:752,41,1,0
BRDA:752,41,2,0
BRDA:768,42,0,0
BRDA:768,42,1,0
BRDA:772,43,0,0
BRDA:772,43,1,0
BRDA:776,44,0,0
BRDA:776,44,1,0
BRDA:776,45,0,0
BRDA:776,45,1,0
BRDA:781,46,0,0
BRDA:781,46,1,0
BRDA:782,47,0,0
BRDA:782,47,1,0
BRDA:783,48,0,0
BRDA:783,48,1,0
BRDA:793,49,0,0
BRDA:793,49,1,0
BRDA:799,50,0,0
BRDA:799,50,1,0
BRDA:806,51,0,0
BRDA:806,51,1,0
BRDA:808,52,0,0
BRDA:808,52,1,0
BRDA:811,53,0,0
BRDA:811,53,1,0
BRDA:812,54,0,0
BRDA:812,54,1,0
BRDA:814,55,0,0
BRDA:814,55,1,0
BRDA:816,56,0,0
BRDA:816,56,1,0
BRDA:817,57,0,0
BRDA:817,57,1,0
BRDA:823,58,0,0
BRDA:823,58,1,0
BRDA:830,59,0,0
BRDA:830,59,1,0
BRDA:832,60,0,0
BRDA:832,60,1,0
BRDA:833,61,0,0
BRDA:833,61,1,0
BRDA:837,62,0,0
BRDA:837,62,1,0
BRDA:838,63,0,0
BRDA:838,63,1,0
BRDA:838,63,2,0
BRDA:842,64,0,0
BRDA:842,64,1,0
BRDA:843,65,0,0
BRDA:843,65,1,0
BRDA:856,66,0,0
BRDA:856,66,1,0
BRDA:871,67,0,0
BRDA:871,67,1,0
BRDA:878,68,0,0
BRDA:878,68,1,0
BRDA:895,69,0,0
BRDA:895,69,1,0
BRDA:895,69,2,0
BRDA:896,70,0,0
BRDA:896,70,1,0
BRDA:896,71,0,0
BRDA:896,71,1,0
BRDA:918,72,0,0
BRDA:918,72,1,0
BRDA:944,73,0,0
BRDA:944,73,1,0
BRDA:963,74,0,0
BRDA:963,74,1,0
BRF:135
BRH:0
end_of_record
TN:
SF:server/services/aiService.js
FN:5,(anonymous_0)
FN:11,(anonymous_1)
FN:42,(anonymous_2)
FN:68,(anonymous_3)
FN:99,(anonymous_4)
FN:127,(anonymous_5)
FN:132,(anonymous_6)
FN:145,(anonymous_7)
FN:151,(anonymous_8)
FN:155,(anonymous_9)
FN:163,generateAIInsights
FN:175,(anonymous_11)
FNF:12
FNH:0
FNDA:0,(anonymous_0)
FNDA:0,(anonymous_1)
FNDA:0,(anonymous_2)
FNDA:0,(anonymous_3)
FNDA:0,(anonymous_4)
FNDA:0,(anonymous_5)
FNDA:0,(anonymous_6)
FNDA:0,(anonymous_7)
FNDA:0,(anonymous_8)
FNDA:0,(anonymous_9)
FNDA:0,generateAIInsights
FNDA:0,(anonymous_11)
DA:6,0
DA:7,0
DA:8,0
DA:12,0
DA:13,0
DA:14,0
DA:16,0
DA:17,0
DA:20,0
DA:32,0
DA:33,0
DA:34,0
DA:37,0
DA:38,0
DA:39,0
DA:43,0
DA:44,0
DA:45,0
DA:48,0
DA:57,0
DA:58,0
DA:61,0
DA:63,0
DA:64,0
DA:69,0
DA:70,0
DA:71,0
DA:73,0
DA:74,0
DA:77,0
DA:89,0
DA:90,0
DA:91,0
DA:94,0
DA:95,0
DA:96,0
DA:100,0
DA:104,0
DA:109,0
DA:110,0
DA:111,0
DA:113,0
DA:114,0
DA:115,0
DA:129,0
DA:134,0
DA:135,0
DA:136,0
DA:137,0
DA:141,0
DA:142,0
DA:146,0
DA:147,0
DA:149,0
DA:151,0
[...]
DA:431,0
DA:440,0
DA:443,0
DA:453,0
DA:455,0
DA:468,0
DA:469,0
DA:483,0
DA:486,0
DA:495,0
DA:497,0
DA:500,0
DA:505,0
DA:506,0
DA:509,0
DA:514,0
DA:518,0
DA:525,0
DA:527,0
DA:530,0
DA:539,0
DA:548,0
DA:558,0
DA:562,0
DA:582,0
DA:583,0
DA:586,0
DA:594,0
DA:595,0
DA:598,0
DA:599,0
DA:615,0
LF:143
LH:0
BRDA:27,0,0,0
BRDA:27,0,1,0
BRDA:27,1,0,0
BRDA:27,1,1,0
BRDA:36,2,0,0
BRDA:36,2,1,0
BRDA:42,3,0,0
BRDA:42,3,1,0
BRDA:47,4,0,0
BRDA:47,4,1,0
BRDA:74,5,0,0
BRDA:74,5,1,0
BRDA:118,6,0,0
BRDA:118,6,1,0
BRDA:126,7,0,0
BRDA:126,7,1,0
BRDA:134,8,0,0
BRDA:134,8,1,0
BRDA:137,9,0,0
BRDA:137,9,1,0
BRDA:138,10,0,0
BRDA:138,10,1,0
BRDA:214,11,0,0
BRDA:214,11,1,0
BRDA:249,12,0,0
BRDA:249,12,1,0
BRDA:261,13,0,0
BRDA:261,13,1,0
BRDA:291,14,0,0
BRDA:291,14,1,0
BRDA:314,15,0,0
BRDA:314,15,1,0
BRDA:325,16,0,0
BRDA:325,16,1,0
BRDA:325,17,0,0
BRDA:325,17,1,0
BRDA:332,18,0,0
BRDA:332,18,1,0
BRDA:376,19,0,0
BRDA:376,19,1,0
BRDA:385,20,0,0
BRDA:385,20,1,0
BRDA:412,21,0,0
BRDA:412,21,1,0
BRDA:424,22,0,0
BRDA:424,22,1,0
BRDA:495,23,0,0
BRDA:495,23,1,0
BRDA:505,24,0,0
BRDA:505,24,1,0
BRDA:582,25,0,0
BRDA:582,25,1,0
BRDA:594,26,0,0
BRDA:594,26,1,0
BRF:54
BRH:0
end_of_record
TN:
SF:server/src/services/cache.js
FN:7,(anonymous_0)
FN:18,(anonymous_1)
FN:26,(anonymous_2)
FN:37,(anonymous_3)
FN:42,(anonymous_4)
FN:47,(anonymous_5)
FN:77,(anonymous_6)
FN:111,(anonymous_7)
FN:147,(anonymous_8)
FN:171,(anonymous_9)
FN:198,(anonymous_10)
FN:215,(anonymous_11)
FN:232,(anonymous_12)
FN:237,(anonymous_13)
FNF:14
FNH:0
FNDA:0,(anonymous_0)
FNDA:0,(anonymous_1)
FNDA:0,(anonymous_2)
FNDA:0,(anonymous_3)
FNDA:0,(anonymous_4)
FNDA:0,(anonymous_5)
FNDA:0,(anonymous_6)
FNDA:0,(anonymous_7)
FNDA:0,(anonymous_8)
FNDA:0,(anonymous_9)
FNDA:0,(anonymous_10)
FNDA:0,(anonymous_11)
FNDA:0,(anonymous_12)
FNDA:0,(anonymous_13)
DA:8,0
DA:9,0
DA:10,0
DA:11,0
DA:12,0
DA:19,0
DA:21,0
DA:22,0
DA:23,0
DA:27,0
DA:28,0
DA:29,0
DA:32,0
DA:37,0
DA:38,0
DA:39,0
DA:42,0
DA:43,0
DA:44,0
DA:47,0
DA:48,0
DA:49,0
DA:52,0
DA:55,0
DA:56,0
DA:57,0
DA:58,0
DA:59,0
DA:61,0
DA:62,0
DA:65,0
DA:66,0
DA:67,0
DA:68,0
DA:78,0
DA:79,0
DA:82,0
DA:83,0
DA:84,0
DA:85,0
DA:87,0
DA:88,0
DA:91,0
DA:92,0
DA:93,0
DA:96,0
DA:99,0
DA:100,0
DA:112,0
DA:113,0
DA:116,0
DA:118,0
DA:119,0
DA:120,0
DA:121,0
DA:122,0
DA:126,0
DA:129,0
DA:133,0
DA:135,0
DA:137,0
DA:138,0
DA:148,0
DA:149,0
DA:152,0
DA:153,0
DA:154,0
DA:156,0
DA:158,0
DA:160,0
DA:161,0
DA:172,0
DA:173,0
DA:176,0
DA:177,0
DA:178,0
DA:179,0
DA:181,0
DA:182,0
DA:183,0
DA:184,0
DA:186,0
DA:189,0
DA:190,0
DA:199,0
DA:200,0
DA:201,0
DA:203,0
DA:205,0
DA:207,0
DA:208,0
DA:216,0
DA:217,0
DA:218,0
DA:219,0
DA:220,0
DA:222,0
DA:229,0
DA:232,0
DA:233,0
DA:237,0
DA:238,0
DA:239,0
DA:240,0
DA:241,0
DA:243,0
DA:244,0
LF:107
LH:0
BRDA:19,0,0,0
BRDA:19,0,1,0
BRDA:22,1,0,0
BRDA:22,1,1,0
BRDA:27,2,0,0
BRDA:27,2,1,0
BRDA:78,3,0,0
BRDA:78,3,1,0
BRDA:83,4,0,0
BRDA:83,4,1,0
BRDA:83,5,0,0
BRDA:83,5,1,0
BRDA:85,6,0,0
BRDA:85,6,1,0
BRDA:88,7,0,0
BRDA:88,7,1,0
BRDA:91,8,0,0
BRDA:91,8,1,0
BRDA:91,9,0,0
BRDA:91,9,1,0
BRDA:111,10,0,0
BRDA:112,11,0,0
BRDA:112,11,1,0
BRDA:116,12,0,0
BRDA:116,12,1,0
BRDA:119,13,0,0
BRDA:119,13,1,0
BRDA:119,14,0,0
BRDA:119,14,1,0
BRDA:121,15,0,0
BRDA:121,15,1,0
BRDA:131,16,0,0
BRDA:131,16,1,0
BRDA:148,17,0,0
BRDA:148,17,1,0
BRDA:153,18,0,0
BRDA:153,18,1,0
BRDA:153,19,0,0
BRDA:153,19,1,0
BRDA:172,20,0,0
BRDA:172,20,1,0
BRDA:177,21,0,0
BRDA:177,21,1,0
BRDA:177,22,0,0
BRDA:177,22,1,0
BRDA:182,23,0,0
BRDA:182,23,1,0
BRDA:200,24,0,0
BRDA:200,24,1,0
BRDA:200,25,0,0
BRDA:200,25,1,0
BRDA:216,26,0,0
BRDA:216,26,1,0
BRDA:216,27,0,0
BRDA:216,27,1,0
BRF:55
BRH:0
end_of_record
TN:
SF:server/src/services/cognitoService.js
FN:9,(anonymous_0)
FN:10,(anonymous_1)
FN:11,(anonymous_2)
FN:30,(anonymous_3)
FN:38,(anonymous_4)
FN:46,(anonymous_5)
FN:54,(anonymous_6)
FN:82,(anonymous_7)
FN:158,(anonymous_8)
FN:191,(anonymous_9)
FN:213,(anonymous_10)
FN:283,(anonymous_11)
FN:353,(anonymous_12)
FN:379,(anonymous_13)
FNF:14
FNH:0
FNDA:0,(anonymous_0)
FNDA:0,(anonymous_1)
FNDA:0,(anonymous_2)
FNDA:0,(anonymous_3)
FNDA:0,(anonymous_4)
FNDA:0,(anonymous_5)
FNDA:0,(anonymous_6)
FNDA:0,(anonymous_7)
FNDA:0,(anonymous_8)
FNDA:0,(anonymous_9)
FNDA:0,(anonymous_10)
FNDA:0,(anonymous_11)
FNDA:0,(anonymous_12)
FNDA:0,(anonymous_13)
DA:8,0
DA:9,0
DA:10,0
DA:11,0
DA:15,0
DA:18,0
DA:29,0
DA:31,0
DA:36,0
DA:39,0
DA:40,0
DA:45,0
DA:47,0
DA:52,0
DA:55,0
DA:56,0
DA:62,0
DA:63,0
DA:65,0
DA:68,0
DA:83,0
DA:84,0
DA:86,0
DA:88,0
DA:89,0
DA:90,0
DA:91,0
DA:94,0
DA:97,0
DA:114,0
DA:117,0
DA:131,0
DA:133,0
DA:136,0
DA:139,0
DA:159,0
DA:160,0
DA:162,0
DA:177,0
DA:179,0
DA:181,0
DA:192,0
DA:194,0
DA:196,0
DA:198,0
DA:199,0
DA:203,0
DA:210,0
DA:213,0
DA:219,0
DA:229,0
DA:241,0
DA:242,0
DA:245,0
DA:247,0
DA:253,0
DA:261,0
DA:264,0
DA:284,0
DA:285,0
DA:287,0
DA:288,0
DA:291,0
DA:302,0
DA:318,0
DA:320,0
DA:325,0
DA:328,0
DA:331,0
DA:354,0
DA:355,0
DA:364,0
DA:367,0
DA:369,0
DA:380,0
DA:381,0
DA:390,0
DA:393,0
DA:395,0
DA:401,0
LF:80
LH:0
BRDA:34,0,0,0
BRDA:34,0,1,0
BRDA:55,1,0,0
BRDA:55,1,1,0
BRDA:62,2,0,0
BRDA:62,2,1,0
BRDA:82,3,0,0
BRDA:89,4,0,0
BRDA:89,4,1,0
BRDA:100,5,0,0
BRDA:100,5,1,0
BRDA:101,6,0,0
BRDA:101,6,1,0
BRDA:109,7,0,0
BRDA:109,7,1,0
BRDA:121,8,0,0
BRDA:121,8,1,0
BRDA:123,9,0,0
BRDA:123,9,1,0
BRDA:124,10,0,0
BRDA:124,10,1,0
BRDA:126,11,0,0
BRDA:126,11,1,0
BRDA:158,12,0,0
BRDA:164,13,0,0
BRDA:164,13,1,0
BRDA:168,14,0,0
BRDA:168,14,1,0
BRDA:169,15,0,0
BRDA:169,15,1,0
BRDA:170,16,0,0
BRDA:170,16,1,0
BRDA:171,17,0,0
BRDA:171,17,1,0
BRDA:191,18,0,0
BRDA:198,19,0,0
BRDA:198,19,1,0
BRDA:237,20,0,0
BRDA:237,20,1,0
BRDA:283,21,0,0
BRDA:304,22,0,0
BRDA:304,22,1,0
BRDA:305,23,0,0
BRDA:305,23,1,0
BRDA:306,24,0,0
BRDA:306,24,1,0
BRDA:307,25,0,0
BRDA:307,25,1,0
BRDA:308,26,0,0
BRDA:308,26,1,0
BRDA:310,27,0,0
BRDA:310,27,1,0
BRDA:311,28,0,0
BRDA:311,28,1,0
BRDA:313,29,0,0
BRDA:313,29,1,0
BRDA:333,30,0,0
BRDA:333,30,1,0
BRDA:353,31,0,0
BRDA:364,32,0,0
BRDA:364,32,1,0
BRDA:390,33,0,0
BRDA:390,33,1,0
BRF:63
BRH:0
end_of_record
TN:
SF:server/src/services/feedbackActionService.js
FN:14,getFeedbackActions
FN:24,createFeedbackAction
FN:42,updateFeedbackAction
FN:43,(anonymous_3)
FNF:4
FNH:0
FNDA:0,getFeedbackActions
FNDA:0,createFeedbackAction
FNDA:0,updateFeedbackAction
FNDA:0,(anonymous_3)
DA:5,0
DA:15,0
DA:16,0
DA:25,0
DA:31,0
DA:32,0
DA:33,0
DA:43,0
DA:44,0
DA:45,0
DA:46,0
DA:47,0
DA:49,0
LF:13
LH:0
BRDA:44,0,0,0
BRDA:44,0,1,0
BRF:2
BRH:0
end_of_record
TN:
SF:server/src/services/index.js
FN:21,(anonymous_0)
FN:22,(anonymous_1)
FN:23,(anonymous_2)
FN:24,(anonymous_3)
FN:25,(anonymous_4)
FN:26,(anonymous_5)
FNF:6
FNH:0
FNDA:0,(anonymous_0)
FNDA:0,(anonymous_1)
FNDA:0,(anonymous_2)
FNDA:0,(anonymous_3)
FNDA:0,(anonymous_4)
FNDA:0,(anonymous_5)
DA:20,0
DA:21,0
DA:22,0
DA:23,0
DA:24,0
DA:25,0
DA:26,0
LF:7
LH:0
BRF:0
BRH:0
end_of_record
TN:
SF:server/src/services/insightService.js
FN:10,getStrategicInsights
FN:30,(anonymous_1)
FN:33,(anonymous_2)
FNF:3
FNH:0
FNDA:0,getStrategicInsights
FNDA:0,(anonymous_1)
FNDA:0,(anonymous_2)
DA:11,0
DA:12,0
DA:13,0
DA:15,0
DA:16,0
DA:17,0
DA:24,0
DA:25,0
DA:27,0
DA:28,0
DA:29,0
DA:30,0
DA:32,0
DA:33,0
DA:38,0
DA:46,0
DA:53,0
DA:54,0
LF:18
LH:0
BRDA:15,0,0,0
BRDA:15,0,1,0
BRDA:15,1,0,0
BRDA:15,1,1,0
BRDA:15,1,2,0
BRDA:28,2,0,0
BRDA:28,2,1,0
BRDA:29,3,0,0
BRDA:29,3,1,0
BRDA:29,4,0,0
BRDA:29,4,1,0
BRDA:32,5,0,0
BRDA:32,5,1,0
BRDA:32,6,0,0
BRDA:32,6,1,0
BRF:15
BRH:0
end_of_record
TN:
SF:server/src/services/obsidianService.js
FN:10,(anonymous_0)
FN:11,(anonymous_1)
FN:12,(anonymous_2)
FN:13,(anonymous_3)
FN:29,indexVault
FN:36,(anonymous_5)
FN:63,(anonymous_6)
FN:159,getRecentNotes
FN:183,(anonymous_8)
FN:184,(anonymous_9)
FN:204,getNoteContent
FN:236,searchNotes
FN:252,(anonymous_12)
FN:255,(anonymous_13)
FN:264,(anonymous_14)
FN:287,mcp_listVaultFiles
FN:293,(anonymous_16)
FN:296,mcp_getNoteContent
FN:305,mcp_searchNotes
FN:318,parseFrontmatter
FN:331,(anonymous_20)
FN:342,(anonymous_21)
FN:372,extractTags
FN:388,extractLinks
FN:422,saveInsightNote
FNF:25
FNH:0
FNDA:0,(anonymous_0)
FNDA:0,(anonymous_1)
FNDA:0,(anonymous_2)
FNDA:0,(anonymous_3)
FNDA:0,indexVault
FNDA:0,(anonymous_5)
FNDA:0,(anonymous_6)
FNDA:0,getRecentNotes
FNDA:0,(anonymous_8)
FNDA:0,(anonymous_9)
FNDA:0,getNoteContent
FNDA:0,searchNotes
FNDA:0,(anonymous_12)
FNDA:0,(anonymous_13)
FNDA:0,(anonymous_14)
FNDA:0,mcp_listVaultFiles
FNDA:0,(anonymous_16)
FNDA:0,mcp_getNoteContent
FNDA:0,mcp_searchNotes
FNDA:0,parseFrontmatter
FNDA:0,(anonymous_20)
FNDA:0,(anonymous_21)
FNDA:0,extractTags
FNDA:0,extractLinks
FNDA:0,saveInsightNote
DA:9,0
DA:10,0
DA:11,0
DA:12,0
DA:13,0
DA:17,0
DA:21,0
DA:30,0
DA:31,0
DA:33,0
DA:36,0
DA:37,0
DA:42,0
DA:43,0
DA:46,0
DA:47,0
DA:48,0
DA:49,0
DA:52,0
DA:55,0
DA:56,0
DA:62,0
DA:63,0
DA:66,0
DA:68,0
DA:97,0
DA:100,0
DA:107,0
DA:113,0
DA:120,0
DA:127,0
DA:128,0
DA:131,0
DA:136,0
DA:146,0
DA:147,0
DA:160,0
DA:161,0
DA:163,0
DA:165,0
DA:166,0
DA:167,0
DA:171,0
DA:173,0
DA:174,0
DA:175,0
DA:179,0
DA:180,0
DA:182,0
DA:183,0
DA:184,0
DA:188,0
DA:190,0
DA:193,0
DA:194,0
DA:205,0
DA:207,0
DA:208,0
DA:209,0
DA:213,0
DA:216,0
DA:217,0
DA:218,0
DA:221,0
DA:224,0
DA:225,0
DA:237,0
DA:239,0
DA:241,0
DA:243,0
DA:244,0
DA:245,0
DA:249,0
DA:252,0
DA:254,0
DA:255,0
DA:258,0
DA:260,0
DA:264,0
DA:267,0
DA:269,0
DA:278,0
DA:279,0
DA:288,0
DA:293,0
DA:297,0
DA:302,0
DA:306,0
DA:311,0
DA:319,0
DA:320,0
DA:323,0
DA:324,0
DA:326,0
DA:327,0
DA:328,0
DA:331,0
DA:332,0
DA:333,0
DA:334,0
DA:337,0
DA:339,0
DA:342,0
DA:343,0
DA:345,0
DA:346,0
DA:348,0
DA:349,0
DA:352,0
DA:353,0
DA:355,0
DA:358,0
DA:365,0
DA:373,0
DA:374,0
DA:377,0
DA:378,0
DA:381,0
DA:390,0
DA:392,0
DA:394,0
DA:397,0
DA:398,0
DA:405,0
DA:406,0
DA:413,0
DA:423,0
DA:424,0
DA:425,0
DA:427,0
DA:429,0
DA:438,0
DA:440,0
DA:441,0
LF:134
LH:0
BRDA:37,0,0,0
BRDA:37,0,1,0
BRDA:37,0,2,0
BRDA:70,1,0,0
BRDA:70,1,1,0
BRDA:79,2,0,0
BRDA:79,2,1,0
BRDA:82,3,0,0
BRDA:82,3,1,0
BRDA:83,4,0,0
BRDA:83,4,1,0
BRDA:127,5,0,0
BRDA:127,5,1,0
BRDA:159,6,0,0
BRDA:160,7,0,0
BRDA:160,8,0,0
BRDA:166,9,0,0
BRDA:166,9,1,0
BRDA:173,10,0,0
BRDA:173,10,1,0
BRDA:173,11,0,0
BRDA:173,11,1,0
BRDA:208,12,0,0
BRDA:208,12,1,0
BRDA:217,13,0,0
BRDA:217,13,1,0
BRDA:236,14,0,0
BRDA:237,15,0,0
BRDA:237,16,0,0
BRDA:237,17,0,0
BRDA:243,18,0,0
BRDA:243,18,1,0
BRDA:243,19,0,0
BRDA:243,19,1,0
BRDA:258,20,0,0
BRDA:258,20,1,0
BRDA:260,21,0,0
BRDA:260,21,1,0
BRDA:260,21,2,0
BRDA:323,22,0,0
BRDA:323,22,1,0
BRDA:326,23,0,0
BRDA:326,23,1,0
BRDA:333,24,0,0
BRDA:333,24,1,0
BRDA:337,25,0,0
BRDA:337,25,1,0
BRDA:337,26,0,0
BRDA:337,26,1,0
BRDA:343,27,0,0
BRDA:343,27,1,0
BRDA:343,28,0,0
BRDA:343,28,1,0
BRDA:346,29,0,0
BRDA:346,29,1,0
BRDA:346,30,0,0
BRDA:346,30,1,0
BRDA:349,31,0,0
BRDA:349,31,1,0
BRDA:349,32,0,0
BRDA:349,32,1,0
BRDA:349,32,2,0
BRDA:349,32,3,0
BRDA:353,33,0,0
BRDA:353,33,1,0
BRF:65
BRH:0
end_of_record
TN:
SF:server/src/services/websocket.js
FN:32,setupWebSocket
FN:36,(anonymous_1)
FN:54,(anonymous_2)
FN:57,(anonymous_3)
FN:60,(anonymous_4)
FN:74,(anonymous_5)
FN:75,(anonymous_6)
FN:76,(anonymous_7)
FN:91,(anonymous_8)
FN:102,handleMessage
FN:161,handleAuth
FN:200,handleSubscribe
FN:242,handleUnsubscribe
FN:273,handleChatMessage
FN:314,handleClose
FN:329,handleError
FN:349,sendMessage
FN:368,sendError
FN:381,broadcastToChannel
FN:390,(anonymous_19)
FN:408,broadcast
FN:412,(anonymous_21)
FN:431,sendNotification
FN:434,(anonymous_23)
FNF:24
FNH:0
FNDA:0,setupWebSocket
FNDA:0,(anonymous_1)
FNDA:0,(anonymous_2)
FNDA:0,(anonymous_3)
FNDA:0,(anonymous_4)
FNDA:0,(anonymous_5)
FNDA:0,(anonymous_6)
FNDA:0,(anonymous_7)
FNDA:0,(anonymous_8)
FNDA:0,handleMessage
FNDA:0,handleAuth
FNDA:0,handleSubscribe
FNDA:0,handleUnsubscribe
FNDA:0,handleChatMessage
FNDA:0,handleClose
FNDA:0,handleError
FNDA:0,sendMessage
FNDA:0,sendError
FNDA:0,broadcastToChannel
FNDA:0,(anonymous_19)
FNDA:0,broadcast
FNDA:0,(anonymous_21)
FNDA:0,sendNotification
FNDA:0,(anonymous_23)
DA:7,0
DA:10,0
DA:21,0
DA:33,0
DA:36,0
DA:37,0
DA:38,0
DA:41,0
DA:51,0
DA:54,0
DA:57,0
DA:60,0
DA:63,0
DA:74,0
DA:75,0
DA:76,0
DA:78,0
DA:79,0
DA:80,0
DA:81,0
DA:84,0
DA:85,0
DA:91,0
DA:92,0
DA:93,0
DA:103,0
DA:104,0
DA:107,0
DA:109,0
DA:112,0
DA:113,0
DA:115,0
DA:119,0
DA:120,0
DA:123,0
DA:126,0
DA:128,0
DA:129,0
DA:132,0
DA:133,0
DA:136,0
DA:137,0
DA:140,0
DA:141,0
DA:144,0
DA:145,0
DA:148,0
DA:151,0
DA:152,0
DA:162,0
DA:163,0
DA:166,0
DA:168,0
DA:169,0
DA:172,0
DA:178,0
DA:180,0
DA:182,0
DA:191,0
DA:201,0
DA:202,0
DA:204,0
DA:206,0
DA:207,0
DA:210,0
DA:211,0
DA:214,0
DA:216,0
DA:218,0
DA:228,0
DA:229,0
DA:230,0
DA:243,0
DA:244,0
DA:246,0
DA:248,0
DA:249,0
DA:252,0
DA:253,0
DA:255,0
DA:257,0
DA:274,0
DA:275,0
DA:277,0
DA:279,0
DA:280,0
DA:283,0
DA:284,0
DA:288,0
DA:297,0
DA:298,0
DA:299,0
DA:301,0
DA:304,0
DA:315,0
DA:316,0
DA:319,0
DA:321,0
DA:330,0
DA:333,0
DA:334,0
DA:338,0
DA:339,0
DA:340,0
DA:350,0
DA:351,0
DA:353,0
DA:354,0
DA:355,0
DA:356,0
DA:358,0
DA:359,0
DA:369,0
DA:382,0
DA:383,0
DA:384,0
DA:387,0
DA:388,0
DA:390,0
DA:391,0
DA:392,0
DA:393,0
DA:394,0
DA:396,0
DA:401,0
DA:409,0
DA:410,0
DA:412,0
DA:413,0
DA:414,0
DA:415,0
DA:416,0
DA:418,0
DA:423,0
DA:432,0
DA:434,0
DA:435,0
DA:436,0
DA:437,0
DA:444,0
DA:446,0
DA:451,0
DA:452,0
LF:143
LH:0
BRDA:78,0,0,0
BRDA:78,0,1,0
BRDA:79,1,0,0
BRDA:79,1,1,0
BRDA:104,2,0,0
BRDA:104,2,1,0
BRDA:119,3,0,0
BRDA:119,3,1,0
BRDA:119,4,0,0
BRDA:119,4,1,0
BRDA:126,5,0,0
BRDA:126,5,1,0
BRDA:126,5,2,0
BRDA:126,5,3,0
BRDA:126,5,4,0
BRDA:126,5,5,0
BRDA:163,6,0,0
BRDA:163,6,1,0
BRDA:166,7,0,0
BRDA:166,7,1,0
BRDA:168,8,0,0
BRDA:168,8,1,0
BRDA:202,9,0,0
BRDA:202,9,1,0
BRDA:204,10,0,0
BRDA:204,10,1,0
BRDA:206,11,0,0
BRDA:206,11,1,0
BRDA:210,12,0,0
BRDA:210,12,1,0
BRDA:228,13,0,0
BRDA:228,13,1,0
BRDA:229,14,0,0
BRDA:229,14,1,0
BRDA:244,15,0,0
BRDA:244,15,1,0
BRDA:246,16,0,0
BRDA:246,16,1,0
BRDA:248,17,0,0
BRDA:248,17,1,0
BRDA:252,18,0,0
BRDA:252,18,1,0
BRDA:275,19,0,0
BRDA:275,19,1,0
BRDA:277,20,0,0
BRDA:277,20,1,0
BRDA:279,21,0,0
BRDA:279,21,1,0
BRDA:279,22,0,0
BRDA:279,22,1,0
BRDA:279,22,2,0
BRDA:283,23,0,0
BRDA:283,23,1,0
BRDA:297,24,0,0
BRDA:297,24,1,0
BRDA:316,25,0,0
BRDA:316,25,1,0
BRDA:321,26,0,0
BRDA:321,26,1,0
BRDA:333,27,0,0
BRDA:333,27,1,0
BRDA:338,28,0,0
BRDA:338,28,1,0
BRDA:351,29,0,0
BRDA:351,29,1,0
BRDA:351,30,0,0
BRDA:351,30,1,0
BRDA:382,31,0,0
BRDA:382,31,1,0
BRDA:382,32,0,0
BRDA:382,32,1,0
BRDA:391,33,0,0
BRDA:391,33,1,0
BRDA:391,34,0,0
BRDA:391,34,1,0
BRDA:413,35,0,0
BRDA:413,35,1,0
BRDA:435,36,0,0
BRDA:435,36,1,0
BRDA:435,37,0,0
BRDA:435,37,1,0
BRF:81
BRH:0
end_of_record
TN:
SF:server/src/services/websocketService.js
FN:10,(anonymous_0)
FN:11,(anonymous_1)
FN:12,(anonymous_2)
FN:13,(anonymous_3)
FN:23,(anonymous_4)
FN:35,(anonymous_5)
FN:73,(anonymous_6)
FN:75,(anonymous_7)
FN:109,(anonymous_8)
FN:144,(anonymous_9)
FN:150,(anonymous_10)
FN:156,(anonymous_11)
FN:165,(anonymous_12)
FN:170,(anonymous_13)
FN:179,(anonymous_14)
FN:181,(anonymous_15)
FN:196,(anonymous_16)
FN:213,(anonymous_17)
FN:225,(anonymous_18)
FN:250,(anonymous_19)
FN:265,(anonymous_20)
FN:269,(anonymous_21)
FN:284,(anonymous_22)
FN:323,(anonymous_23)
FN:372,(anonymous_24)
FN:404,(anonymous_25)
FN:437,(anonymous_26)
FN:459,(anonymous_27)
FN:472,(anonymous_28)
FN:585,(anonymous_29)
FN:605,(anonymous_30)
FN:624,(anonymous_31)
FN:643,(anonymous_32)
FN:662,(anonymous_33)
FNF:34
FNH:0
FNDA:0,(anonymous_0)
FNDA:0,(anonymous_1)
FNDA:0,(anonymous_2)
FNDA:0,(anonymous_3)
FNDA:0,(anonymous_4)
FNDA:0,(anonymous_5)
FNDA:0,(anonymous_6)
FNDA:0,(anonymous_7)
FNDA:0,(anonymous_8)
FNDA:0,(anonymous_9)
FNDA:0,(anonymous_10)
FNDA:0,(anonymous_11)
FNDA:0,(anonymous_12)
FNDA:0,(anonymous_13)
FNDA:0,(anonymous_14)
FNDA:0,(anonymous_15)
FNDA:0,(anonymous_16)
FNDA:0,(anonymous_17)
FNDA:0,(anonymous_18)
FNDA:0,(anonymous_19)
FNDA:0,(anonymous_20)
FNDA:0,(anonymous_21)
FNDA:0,(anonymous_22)
FNDA:0,(anonymous_23)
FNDA:0,(anonymous_24)
FNDA:0,(anonymous_25)
FNDA:0,(anonymous_26)
FNDA:0,(anonymous_27)
FNDA:0,(anonymous_28)
FNDA:0,(anonymous_29)
FNDA:0,(anonymous_30)
FNDA:0,(anonymous_31)
FNDA:0,(anonymous_32)
FNDA:0,(anonymous_33)
DA:9,0
DA:10,0
DA:11,0
DA:12,0
DA:13,0
DA:17,0
DA:24,0
DA:25,0
DA:26,0
DA:27,0
DA:28,0
DA:37,0
DA:60,0
DA:63,0
DA:65,0
DA:67,0
DA:75,0
DA:76,0
DA:77,0
DA:78,0
DA:81,0
DA:94,0
DA:97,0
DA:109,0
DA:110,0
DA:111,0
DA:112,0
DA:115,0
DA:119,0
DA:120,0
DA:122,0
DA:123,0
DA:124,0
DA:128,0
DA:135,0
DA:138,0
DA:139,0
DA:144,0
DA:145,0
DA:146,0
DA:150,0
DA:151,0
DA:152,0
DA:156,0
DA:157,0
DA:158,0
DA:159,0
DA:165,0
DA:166,0
DA:170,0
DA:171,0
DA:172,0
DA:181,0
DA:182,0
DA:183,0
DA:185,0
DA:187,0
DA:188,0
DA:189,0
DA:190,0
DA:191,0
DA:195,0
DA:196,0
DA:199,0
DA:200,0
DA:201,0
DA:202,0
DA:207,0
DA:214,0
DA:215,0
DA:216,0
DA:217,0
DA:226,0
DA:227,0
DA:230,0
DA:231,0
DA:235,0
DA:236,0
DA:240,0
DA:242,0
DA:251,0
DA:252,0
DA:254,0
DA:255,0
DA:256,0
DA:266,0
DA:267,0
DA:269,0
DA:271,0
DA:272,0
DA:274,0
DA:285,0
DA:287,0
DA:290,0
DA:291,0
DA:298,0
DA:300,0
DA:305,0
DA:308,0
DA:312,0
DA:324,0
DA:325,0
DA:328,0
DA:329,0
DA:330,0
DA:334,0
DA:335,0
DA:336,0
DA:340,0
DA:343,0
DA:344,0
DA:347,0
DA:350,0
DA:357,0
DA:363,0
DA:373,0
DA:374,0
DA:377,0
DA:380,0
DA:381,0
DA:384,0
DA:385,0
DA:389,0
DA:395,0
DA:405,0
DA:407,0
DA:408,0
DA:411,0
DA:418,0
DA:419,0
DA:421,0
DA:422,0
DA:423,0
DA:428,0
DA:438,0
DA:439,0
DA:442,0
DA:445,0
DA:446,0
DA:450,0
DA:460,0
DA:461,0
DA:464,0
DA:473,0
DA:475,0
DA:476,0
DA:479,0
DA:480,0
DA:481,0
DA:482,0
DA:485,0
DA:486,0
DA:487,0
DA:493,0
DA:495,0
DA:499,0
DA:500,0
DA:501,0
DA:502,0
DA:505,0
DA:506,0
DA:510,0
DA:511,0
DA:512,0
DA:513,0
DA:516,0
DA:517,0
DA:522,0
DA:526,0
DA:527,0
DA:528,0
DA:529,0
DA:533,0
DA:534,0
DA:535,0
DA:539,0
DA:547,0
DA:553,0
DA:557,0
DA:562,0
DA:566,0
DA:570,0
DA:575,0
DA:586,0
DA:587,0
DA:588,0
DA:589,0
DA:591,0
DA:593,0
DA:594,0
DA:606,0
DA:616,0
DA:625,0
DA:626,0
DA:628,0
DA:629,0
DA:630,0
DA:631,0
DA:644,0
DA:656,0
DA:663,0
DA:664,0
DA:665,0
DA:668,0
DA:669,0
DA:670,0
DA:672,0
DA:677,0
LF:208
LH:0
BRDA:13,0,0,0
BRDA:112,1,0,0
BRDA:112,1,1,0
BRDA:120,2,0,0
BRDA:120,2,1,0
BRDA:158,3,0,0
BRDA:158,3,1,0
BRDA:187,4,0,0
BRDA:187,4,1,0
BRDA:199,5,0,0
BRDA:199,5,1,0
BRDA:214,6,0,0
BRDA:214,6,1,0
BRDA:227,7,0,0
BRDA:227,7,1,0
BRDA:235,8,0,0
BRDA:235,8,1,0
BRDA:235,9,0,0
BRDA:235,9,1,0
BRDA:252,10,0,0
BRDA:252,10,1,0
BRDA:254,11,0,0
BRDA:254,11,1,0
BRDA:267,12,0,0
BRDA:267,12,1,0
BRDA:271,13,0,0
BRDA:271,13,1,0
BRDA:323,14,0,0
BRDA:325,15,0,0
BRDA:325,15,1,0
BRDA:328,16,0,0
BRDA:328,16,1,0
BRDA:328,17,0,0
BRDA:328,17,1,0
BRDA:334,18,0,0
BRDA:334,18,1,0
BRDA:334,19,0,0
BRDA:334,19,1,0
BRDA:334,19,2,0
BRDA:343,20,0,0
BRDA:343,20,1,0
BRDA:374,21,0,0
BRDA:374,21,1,0
BRDA:380,22,0,0
BRDA:380,22,1,0
BRDA:384,23,0,0
BRDA:384,23,1,0
BRDA:404,24,0,0
BRDA:405,25,0,0
BRDA:405,25,1,0
BRDA:419,26,0,0
BRDA:419,26,1,0
BRDA:422,27,0,0
BRDA:422,27,1,0
BRDA:422,28,0,0
BRDA:422,28,1,0
BRDA:437,29,0,0
BRDA:439,30,0,0
BRDA:439,30,1,0
BRDA:445,31,0,0
BRDA:445,31,1,0
BRDA:459,32,0,0
BRDA:461,33,0,0
BRDA:461,33,1,0
BRDA:476,34,0,0
BRDA:476,34,1,0
BRDA:476,34,2,0
BRDA:476,34,3,0
BRDA:476,34,4,0
BRDA:476,34,5,0
BRDA:480,35,0,0
BRDA:480,35,1,0
BRDA:486,36,0,0
BRDA:486,36,1,0
BRDA:500,37,0,0
BRDA:500,37,1,0
BRDA:505,38,0,0
BRDA:505,38,1,0
BRDA:511,39,0,0
BRDA:511,39,1,0
BRDA:527,40,0,0
BRDA:527,40,1,0
BRDA:533,41,0,0
BRDA:533,41,1,0
BRDA:541,42,0,0
BRDA:541,42,1,0
BRDA:587,43,0,0
BRDA:587,43,1,0
BRDA:605,44,0,0
BRDA:626,45,0,0
BRDA:626,45,1,0
BRDA:630,46,0,0
BRDA:630,46,1,0
BRDA:630,47,0,0
BRDA:630,47,1,0
BRDA:643,48,0,0
BRDA:663,49,0,0
BRDA:663,49,1,0
BRF:98
BRH:0
end_of_record
TN:
SF:server/src/utils/logger.js
FN:12,(anonymous_0)
FN:44,(anonymous_1)
FN:115,(anonymous_2)
FN:123,(anonymous_3)
FNF:4
FNH:0
FNDA:0,(anonymous_0)
FNDA:0,(anonymous_1)
FNDA:0,(anonymous_2)
FNDA:0,(anonymous_3)
DA:6,0
DA:7,0
DA:9,0
DA:12,0
DA:13,0
DA:16,0
DA:17,0
DA:20,0
DA:24,0
DA:33,0
DA:41,0
DA:44,0
DA:45,0
DA:49,0
DA:52,0
DA:53,0
DA:65,0
DA:66,0
DA:75,0
DA:83,0
DA:100,0
DA:115,0
DA:117,0
DA:118,0
DA:121,0
DA:123,0
DA:124,0
DA:126,0
DA:135,0
LF:29
LH:0
BRDA:16,0,0,0
BRDA:16,0,1,0
BRDA:45,1,0,0
BRDA:45,1,1,0
BRDA:52,2,0,0
BRDA:52,2,1,0
BRDA:65,3,0,0
BRDA:65,3,1,0
BRDA:117,4,0,0
BRDA:117,4,1,0
BRDA:117,5,0,0
BRDA:117,5,1,0
BRDA:131,6,0,0
BRDA:131,6,1,0
BRF:14
BRH:0
end_of_record
